# JRE version: OpenJDK Runtime Environment Temurin-21.0.10+7 (21.0.10+7) (build 21.0.10+7-LTS)
# Java VM: OpenJDK 64-Bit Server VM Temurin-21.0.10+7 (21.0.10+7-LTS, mixed mode, sharing, tiered, compressed oops, compressed class ptrs, g1 gc, windows-amd64)
GC Precious Log:
 CardTable entry size: 512
 Card Set container configuration: InlinePtr #cards 5 size 8 Array Of Cards #cards 12 size 40 Howl #buckets 4 coarsen threshold 1843 Howl Bitmap #cards 512 size 80 coarsen threshold 460 Card regions per heap region 1 cards per card region 2048
 CPUs: 12 total, 12 available
 Memory: 16024M
 Large Page Support: Disabled
 NUMA Support: Disabled
 Compressed Oops: Enabled (32-bit)
 Heap Region Size: 1M
 Heap Min Capacity: 8M
 Heap Initial Capacity: 252M
 Heap Max Capacity: 2G
 Pre-touch: Disabled
 Parallel Workers: 10
 Concurrent Workers: 3
 Concurrent Refinement Workers: 10
 Periodic GC: Disabled
Heap:
 garbage-first heap   total 112640K, used 77801K [0x0000000080000000, 0x0000000100000000)
  region size 1024K, 5 young (5120K), 4 survivors (4096K)
 Metaspace       used 77082K, committed 79488K, reserved 557056K
  class space    used 11383K, committed 12544K, reserved 425984K
GC Heap History (20 events):
Event: 36.296 GC heap before
{Heap before GC invocations=14 (full 0):
 garbage-first heap   total 102400K, used 84962K [0x0000000080000000, 0x0000000100000000)
  region size 1024K, 40 young (40960K), 7 survivors (7168K)
 Metaspace       used 58565K, committed 60608K, reserved 491520K
  class space    used 8577K, committed 9600K, reserved 425984K
}
Event: 36.307 GC heap after
{Heap after GC invocations=15 (full 0):
 garbage-first heap   total 102400K, used 54707K [0x0000000080000000, 0x0000000100000000)
  region size 1024K, 3 young (3072K), 3 survivors (3072K)
 Metaspace       used 58565K, committed 60608K, reserved 491520K
  class space    used 8577K, committed 9600K, reserved 425984K
}
Event: 37.504 GC heap before
{Heap before GC invocations=16 (full 0):
 garbage-first heap   total 102400K, used 90547K [0x0000000080000000, 0x0000000100000000)
  region size 1024K, 38 young (38912K), 3 survivors (3072K)
 Metaspace       used 61003K, committed 63040K, reserved 491520K
  class space    used 8932K, committed 9920K, reserved 425984K
}
Event: 37.511 GC heap after
{Heap after GC invocations=17 (full 0):
 garbage-first heap   total 102400K, used 56300K [0x0000000080000000, 0x0000000100000000)
  region size 1024K, 5 young (5120K), 5 survivors (5120K)
 Metaspace       used 61003K, committed 63040K, reserved 491520K
  class space    used 8932K, committed 9920K, reserved 425984K
}
Event: 38.735 GC heap before
{Heap before GC invocations=17 (full 0):
 garbage-first heap   total 102400K, used 91116K [0x0000000080000000, 0x0000000100000000)
  region size 1024K, 39 young (39936K), 5 survivors (5120K)
 Metaspace       used 63910K, committed 66048K, reserved 491520K
  class space    used 9428K, committed 10432K, reserved 425984K
}
Event: 38.746 GC heap after
{Heap after GC invocations=18 (full 0):
 garbage-first heap   total 102400K, used 57130K [0x0000000080000000, 0x0000000100000000)
  region size 1024K, 4 young (4096K), 4 survivors (4096K)
 Metaspace       used 63910K, committed 66048K, reserved 491520K
  class space    used 9428K, committed 10432K, reserved 425984K
}
Event: 40.033 GC heap before
{Heap before GC invocations=18 (full 0):
 garbage-first heap   total 102400K, used 91946K [0x0000000080000000, 0x0000000100000000)
  region size 1024K, 38 young (38912K), 4 survivors (4096K)
 Metaspace       used 65816K, committed 68032K, reserved 491520K
  class space    used 9727K, committed 10816K, reserved 425984K
}
Event: 40.040 GC heap after
{Heap after GC invocations=19 (full 0):
 garbage-first heap   total 102400K, used 58065K [0x0000000080000000, 0x0000000100000000)
  region size 1024K, 3 young (3072K), 3 survivors (3072K)
 Metaspace       used 65816K, committed 68032K, reserved 491520K
  class space    used 9727K, committed 10816K, reserved 425984K
}
Event: 41.305 GC heap before
{Heap before GC invocations=20 (full 0):
 garbage-first heap   total 102400K, used 93905K [0x0000000080000000, 0x0000000100000000)
  region size 1024K, 38 young (38912K), 3 survivors (3072K)
 Metaspace       used 67854K, committed 70016K, reserved 491520K
  class space    used 10042K, committed 11136K, reserved 425984K
}
Event: 41.314 GC heap after
{Heap after GC invocations=21 (full 0):
 garbage-first heap   total 102400K, used 60807K [0x0000000080000000, 0x0000000100000000)
  region size 1024K, 5 young (5120K), 5 survivors (5120K)
 Metaspace       used 67854K, committed 70016K, reserved 491520K
  class space    used 10042K, committed 11136K, reserved 425984K
}
Event: 43.546 GC heap before
{Heap before GC invocations=21 (full 0):
 garbage-first heap   total 102400K, used 94599K [0x0000000080000000, 0x0000000100000000)
  region size 1024K, 38 young (38912K), 5 survivors (5120K)
 Metaspace       used 69858K, committed 72064K, reserved 491520K
  class space    used 10272K, committed 11328K, reserved 425984K
}
Event: 43.561 GC heap after
{Heap after GC invocations=22 (full 0):
 garbage-first heap   total 106496K, used 64856K [0x0000000080000000, 0x0000000100000000)
  region size 1024K, 5 young (5120K), 5 survivors (5120K)
 Metaspace       used 69858K, committed 72064K, reserved 491520K
  class space    used 10272K, committed 11328K, reserved 425984K
}
Event: 45.391 GC heap before
{Heap before GC invocations=22 (full 0):
 garbage-first heap   total 106496K, used 96600K [0x0000000080000000, 0x0000000100000000)
  region size 1024K, 36 young (36864K), 5 survivors (5120K)
 Metaspace       used 71683K, committed 73920K, reserved 491520K
  class space    used 10558K, committed 11648K, reserved 425984K
}
Event: 45.403 GC heap after
{Heap after GC invocations=23 (full 0):
 garbage-first heap   total 106496K, used 67425K [0x0000000080000000, 0x0000000100000000)
  region size 1024K, 4 young (4096K), 4 survivors (4096K)
 Metaspace       used 71683K, committed 73920K, reserved 491520K
  class space    used 10558K, committed 11648K, reserved 425984K
}
Event: 47.530 GC heap before
{Heap before GC invocations=24 (full 0):
 garbage-first heap   total 112640K, used 97121K [0x0000000080000000, 0x0000000100000000)
  region size 1024K, 33 young (33792K), 4 survivors (4096K)
 Metaspace       used 74349K, committed 76736K, reserved 491520K
  class space    used 11031K, committed 12224K, reserved 425984K
}
Event: 47.540 GC heap after
{Heap after GC invocations=25 (full 0):
 garbage-first heap   total 112640K, used 70490K [0x0000000080000000, 0x0000000100000000)
  region size 1024K, 4 young (4096K), 4 survivors (4096K)
 Metaspace       used 74349K, committed 76736K, reserved 491520K
  class space    used 11031K, committed 12224K, reserved 425984K
}
Event: 52.715 GC heap before
{Heap before GC invocations=25 (full 0):
 garbage-first heap   total 112640K, used 100186K [0x0000000080000000, 0x0000000100000000)
  region size 1024K, 34 young (34816K), 4 survivors (4096K)
 Metaspace       used 75802K, committed 78208K, reserved 557056K
  class space    used 11238K, committed 12416K, reserved 425984K
}
Event: 52.727 GC heap after
{Heap after GC invocations=26 (full 0):
 garbage-first heap   total 112640K, used 73228K [0x0000000080000000, 0x0000000100000000)
  region size 1024K, 5 young (5120K), 5 survivors (5120K)
 Metaspace       used 75802K, committed 78208K, reserved 557056K
  class space    used 11238K, committed 12416K, reserved 425984K
}
Event: 55.923 GC heap before
{Heap before GC invocations=26 (full 0):
 garbage-first heap   total 112640K, used 99852K [0x0000000080000000, 0x0000000100000000)
  region size 1024K, 32 young (32768K), 5 survivors (5120K)
 Metaspace       used 77082K, committed 79488K, reserved 557056K
  class space    used 11383K, committed 12544K, reserved 425984K
}
Event: 55.934 GC heap after
{Heap after GC invocations=27 (full 0):
 garbage-first heap   total 112640K, used 77801K [0x0000000080000000, 0x0000000100000000)
  region size 1024K, 4 young (4096K), 4 survivors (4096K)
 Metaspace       used 77082K, committed 79488K, reserved 557056K
  class space    used 11383K, committed 12544K, reserved 425984K
}

