# JRE version: OpenJDK Runtime Environment Temurin-21.0.10+7 (21.0.10+7) (build 21.0.10+7-LTS)
# Java VM: OpenJDK 64-Bit Server VM Temurin-21.0.10+7 (21.0.10+7-LTS, mixed mode, sharing, tiered, compressed oops, compressed class ptrs, parallel gc, windows-amd64)
GC Precious Log:
 CardTable entry size: 512
 CPUs: 12 total, 12 available
 Memory: 16024M
 Large Page Support: Disabled
 NUMA Support: Disabled
 Compressed Oops: Enabled (32-bit)
 Alignments: Space 512K, Generation 512K, Heap 2M
 Heap Min Capacity: 100M
 Heap Initial Capacity: 100M
 Heap Max Capacity: 2G
 Pre-touch: Disabled
 Parallel Workers: 10
Heap:
 PSYoungGen      total 7680K, used 3181K [0x00000000d5580000, 0x00000000d6480000, 0x0000000100000000)
  eden space 7168K, 40% used [0x00000000d5580000,0x00000000d5853700,0x00000000d5c80000)
  from space 512K, 56% used [0x00000000d6400000,0x00000000d6448000,0x00000000d6480000)
  to   space 512K, 0% used [0x00000000d6380000,0x00000000d6380000,0x00000000d6400000)
 ParOldGen       total 1027072K, used 1026691K [0x0000000080000000, 0x00000000beb00000, 0x00000000d5580000)
  object space 1027072K, 99% used [0x0000000080000000,0x00000000beaa0e80,0x00000000beb00000)
 Metaspace       used 31349K, committed 32512K, reserved 1114112K
  class space    used 2551K, committed 3200K, reserved 1048576K
GC Heap History (20 events):
Event: 26875.001 GC heap before
{Heap before GC invocations=1343 (full 2):
 PSYoungGen      total 12288K, used 12208K [0x00000000d5580000, 0x00000000d6d00000, 0x0000000100000000)
  eden space 7168K, 100% used [0x00000000d5580000,0x00000000d5c80000,0x00000000d5c80000)
  from space 5120K, 98% used [0x00000000d6800000,0x00000000d6cec000,0x00000000d6d00000)
  to   space 7168K, 0% used [0x00000000d5f00000,0x00000000d5f00000,0x00000000d6600000)
 ParOldGen       total 1019392K, used 1019270K [0x0000000080000000, 0x00000000be380000, 0x00000000d5580000)
  object space 1019392K, 99% used [0x0000000080000000,0x00000000be361a70,0x00000000be380000)
 Metaspace       used 31310K, committed 32448K, reserved 1114112K
  class space    used 2551K, committed 3200K, reserved 1048576K
}
Event: 26875.011 GC heap after
{Heap after GC invocations=1343 (full 2):
 PSYoungGen      total 10752K, used 3538K [0x00000000d5580000, 0x00000000d6880000, 0x0000000100000000)
  eden space 7168K, 0% used [0x00000000d5580000,0x00000000d5580000,0x00000000d5c80000)
  from space 3584K, 98% used [0x00000000d5f00000,0x00000000d6274808,0x00000000d6280000)
  to   space 4608K, 0% used [0x00000000d6400000,0x00000000d6400000,0x00000000d6880000)
 ParOldGen       total 1023488K, used 1022982K [0x0000000080000000, 0x00000000be780000, 0x00000000d5580000)
  object space 1023488K, 99% used [0x0000000080000000,0x00000000be701a70,0x00000000be780000)
 Metaspace       used 31310K, committed 32448K, reserved 1114112K
  class space    used 2551K, committed 3200K, reserved 1048576K
}
Event: 26902.705 GC heap before
{Heap before GC invocations=1344 (full 2):
 PSYoungGen      total 10752K, used 10706K [0x00000000d5580000, 0x00000000d6880000, 0x0000000100000000)
  eden space 7168K, 100% used [0x00000000d5580000,0x00000000d5c80000,0x00000000d5c80000)
  from space 3584K, 98% used [0x00000000d5f00000,0x00000000d6274808,0x00000000d6280000)
  to   space 4608K, 0% used [0x00000000d6400000,0x00000000d6400000,0x00000000d6880000)
 ParOldGen       total 1023488K, used 1022982K [0x0000000080000000, 0x00000000be780000, 0x00000000d5580000)
  object space 1023488K, 99% used [0x0000000080000000,0x00000000be701a70,0x00000000be780000)
 Metaspace       used 31310K, committed 32448K, reserved 1114112K
  class space    used 2551K, committed 3200K, reserved 1048576K
}
Event: 26902.715 GC heap after
{Heap after GC invocations=1344 (full 2):
 PSYoungGen      total 7680K, used 320K [0x00000000d5580000, 0x00000000d6480000, 0x0000000100000000)
  eden space 7168K, 0% used [0x00000000d5580000,0x00000000d5580000,0x00000000d5c80000)
  from space 512K, 62% used [0x00000000d6400000,0x00000000d6450000,0x00000000d6480000)
  to   space 2048K, 0% used [0x00000000d6080000,0x00000000d6080000,0x00000000d6280000)
 ParOldGen       total 1026560K, used 1026403K [0x0000000080000000, 0x00000000bea80000, 0x00000000d5580000)
  object space 1026560K, 99% used [0x0000000080000000,0x00000000bea58e80,0x00000000bea80000)
 Metaspace       used 31310K, committed 32448K, reserved 1114112K
  class space    used 2551K, committed 3200K, reserved 1048576K
}
Event: 26933.485 GC heap before
{Heap before GC invocations=1345 (full 2):
 PSYoungGen      total 7680K, used 7488K [0x00000000d5580000, 0x00000000d6480000, 0x0000000100000000)
  eden space 7168K, 100% used [0x00000000d5580000,0x00000000d5c80000,0x00000000d5c80000)
  from space 512K, 62% used [0x00000000d6400000,0x00000000d6450000,0x00000000d6480000)
  to   space 2048K, 0% used [0x00000000d6080000,0x00000000d6080000,0x00000000d6280000)
 ParOldGen       total 1026560K, used 1026403K [0x0000000080000000, 0x00000000bea80000, 0x00000000d5580000)
  object space 1026560K, 99% used [0x0000000080000000,0x00000000bea58e80,0x00000000bea80000)
 Metaspace       used 31316K, committed 32448K, reserved 1114112K
  class space    used 2551K, committed 3200K, reserved 1048576K
}
Event: 26933.488 GC heap after
{Heap after GC invocations=1345 (full 2):
 PSYoungGen      total 9216K, used 256K [0x00000000d5580000, 0x00000000d6480000, 0x0000000100000000)
  eden space 7168K, 0% used [0x00000000d5580000,0x00000000d5580000,0x00000000d5c80000)
  from space 2048K, 12% used [0x00000000d6080000,0x00000000d60c0000,0x00000000d6280000)
  to   space 512K, 0% used [0x00000000d6400000,0x00000000d6400000,0x00000000d6480000)
 ParOldGen       total 1026560K, used 1026459K [0x0000000080000000, 0x00000000bea80000, 0x00000000d5580000)
  object space 1026560K, 99% used [0x0000000080000000,0x00000000bea66e80,0x00000000bea80000)
 Metaspace       used 31316K, committed 32448K, reserved 1114112K
  class space    used 2551K, committed 3200K, reserved 1048576K
}
Event: 26958.288 GC heap before
{Heap before GC invocations=1346 (full 2):
 PSYoungGen      total 9216K, used 7424K [0x00000000d5580000, 0x00000000d6480000, 0x0000000100000000)
  eden space 7168K, 100% used [0x00000000d5580000,0x00000000d5c80000,0x00000000d5c80000)
  from space 2048K, 12% used [0x00000000d6080000,0x00000000d60c0000,0x00000000d6280000)
  to   space 512K, 0% used [0x00000000d6400000,0x00000000d6400000,0x00000000d6480000)
 ParOldGen       total 1026560K, used 1026459K [0x0000000080000000, 0x00000000bea80000, 0x00000000d5580000)
  object space 1026560K, 99% used [0x0000000080000000,0x00000000bea66e80,0x00000000bea80000)
 Metaspace       used 31316K, committed 32448K, reserved 1114112K
  class space    used 2551K, committed 3200K, reserved 1048576K
}
Event: 26958.291 GC heap after
{Heap after GC invocations=1346 (full 2):
 PSYoungGen      total 7680K, used 288K [0x00000000d5580000, 0x00000000d6480000, 0x0000000100000000)
  eden space 7168K, 0% used [0x00000000d5580000,0x00000000d5580000,0x00000000d5c80000)
  from space 512K, 56% used [0x00000000d6400000,0x00000000d6448000,0x00000000d6480000)
  to   space 512K, 0% used [0x00000000d6380000,0x00000000d6380000,0x00000000d6400000)
 ParOldGen       total 1026560K, used 1026523K [0x0000000080000000, 0x00000000bea80000, 0x00000000d5580000)
  object space 1026560K, 99% used [0x0000000080000000,0x00000000bea76e80,0x00000000bea80000)
 Metaspace       used 31316K, committed 32448K, reserved 1114112K
  class space    used 2551K, committed 3200K, reserved 1048576K
}
Event: 26985.378 GC heap before
{Heap before GC invocations=1347 (full 2):
 PSYoungGen      total 7680K, used 7456K [0x00000000d5580000, 0x00000000d6480000, 0x0000000100000000)
  eden space 7168K, 100% used [0x00000000d5580000,0x00000000d5c80000,0x00000000d5c80000)
  from space 512K, 56% used [0x00000000d6400000,0x00000000d6448000,0x00000000d6480000)
  to   space 512K, 0% used [0x00000000d6380000,0x00000000d6380000,0x00000000d6400000)
 ParOldGen       total 1026560K, used 1026523K [0x0000000080000000, 0x00000000bea80000, 0x00000000d5580000)
  object space 1026560K, 99% used [0x0000000080000000,0x00000000bea76e80,0x00000000bea80000)
 Metaspace       used 31345K, committed 32512K, reserved 1114112K
  class space    used 2551K, committed 3200K, reserved 1048576K
}
Event: 26985.381 GC heap after
{Heap after GC invocations=1347 (full 2):
 PSYoungGen      total 7680K, used 224K [0x00000000d5580000, 0x00000000d6480000, 0x0000000100000000)
  eden space 7168K, 0% used [0x00000000d5580000,0x00000000d5580000,0x00000000d5c80000)
  from space 512K, 43% used [0x00000000d6380000,0x00000000d63b8000,0x00000000d6400000)
  to   space 512K, 0% used [0x00000000d6400000,0x00000000d6400000,0x00000000d6480000)
 ParOldGen       total 1027072K, used 1026579K [0x0000000080000000, 0x00000000beb00000, 0x00000000d5580000)
  object space 1027072K, 99% used [0x0000000080000000,0x00000000bea84e80,0x00000000beb00000)
 Metaspace       used 31345K, committed 32512K, reserved 1114112K
  class space    used 2551K, committed 3200K, reserved 1048576K
}
Event: 27765.319 GC heap before
{Heap before GC invocations=1348 (full 2):
 PSYoungGen      total 7680K, used 7392K [0x00000000d5580000, 0x00000000d6480000, 0x0000000100000000)
  eden space 7168K, 100% used [0x00000000d5580000,0x00000000d5c80000,0x00000000d5c80000)
  from space 512K, 43% used [0x00000000d6380000,0x00000000d63b8000,0x00000000d6400000)
  to   space 512K, 0% used [0x00000000d6400000,0x00000000d6400000,0x00000000d6480000)
 ParOldGen       total 1027072K, used 1026579K [0x0000000080000000, 0x00000000beb00000, 0x00000000d5580000)
  object space 1027072K, 99% used [0x0000000080000000,0x00000000bea84e80,0x00000000beb00000)
 Metaspace       used 31349K, committed 32512K, reserved 1114112K
  class space    used 2551K, committed 3200K, reserved 1048576K
}
Event: 27765.437 GC heap after
{Heap after GC invocations=1348 (full 2):
 PSYoungGen      total 7680K, used 256K [0x00000000d5580000, 0x00000000d6480000, 0x0000000100000000)
  eden space 7168K, 0% used [0x00000000d5580000,0x00000000d5580000,0x00000000d5c80000)
  from space 512K, 50% used [0x00000000d6400000,0x00000000d6440000,0x00000000d6480000)
  to   space 512K, 0% used [0x00000000d6380000,0x00000000d6380000,0x00000000d6400000)
 ParOldGen       total 1027072K, used 1026619K [0x0000000080000000, 0x00000000beb00000, 0x00000000d5580000)
  object space 1027072K, 99% used [0x0000000080000000,0x00000000bea8ee80,0x00000000beb00000)
 Metaspace       used 31349K, committed 32512K, reserved 1114112K
  class space    used 2551K, committed 3200K, reserved 1048576K
}
Event: 27969.729 GC heap before
{Heap before GC invocations=1349 (full 2):
 PSYoungGen      total 7680K, used 7424K [0x00000000d5580000, 0x00000000d6480000, 0x0000000100000000)
  eden space 7168K, 100% used [0x00000000d5580000,0x00000000d5c80000,0x00000000d5c80000)
  from space 512K, 50% used [0x00000000d6400000,0x00000000d6440000,0x00000000d6480000)
  to   space 512K, 0% used [0x00000000d6380000,0x00000000d6380000,0x00000000d6400000)
 ParOldGen       total 1027072K, used 1026619K [0x0000000080000000, 0x00000000beb00000, 0x00000000d5580000)
  object space 1027072K, 99% used [0x0000000080000000,0x00000000bea8ee80,0x00000000beb00000)
 Metaspace       used 31349K, committed 32512K, reserved 1114112K
  class space    used 2551K, committed 3200K, reserved 1048576K
}
Event: 27969.735 GC heap after
{Heap after GC invocations=1349 (full 2):
 PSYoungGen      total 7680K, used 192K [0x00000000d5580000, 0x00000000d6480000, 0x0000000100000000)
  eden space 7168K, 0% used [0x00000000d5580000,0x00000000d5580000,0x00000000d5c80000)
  from space 512K, 37% used [0x00000000d6380000,0x00000000d63b0000,0x00000000d6400000)
  to   space 512K, 0% used [0x00000000d6400000,0x00000000d6400000,0x00000000d6480000)
 ParOldGen       total 1027072K, used 1026675K [0x0000000080000000, 0x00000000beb00000, 0x00000000d5580000)
  object space 1027072K, 99% used [0x0000000080000000,0x00000000bea9ce80,0x00000000beb00000)
 Metaspace       used 31349K, committed 32512K, reserved 1114112K
  class space    used 2551K, committed 3200K, reserved 1048576K
}
Event: 28339.463 GC heap before
{Heap before GC invocations=1350 (full 2):
 PSYoungGen      total 7680K, used 7360K [0x00000000d5580000, 0x00000000d6480000, 0x0000000100000000)
  eden space 7168K, 100% used [0x00000000d5580000,0x00000000d5c80000,0x00000000d5c80000)
  from space 512K, 37% used [0x00000000d6380000,0x00000000d63b0000,0x00000000d6400000)
  to   space 512K, 0% used [0x00000000d6400000,0x00000000d6400000,0x00000000d6480000)
 ParOldGen       total 1027072K, used 1026675K [0x0000000080000000, 0x00000000beb00000, 0x00000000d5580000)
  object space 1027072K, 99% used [0x0000000080000000,0x00000000bea9ce80,0x00000000beb00000)
 Metaspace       used 31349K, committed 32512K, reserved 1114112K
  class space    used 2551K, committed 3200K, reserved 1048576K
}
Event: 28339.470 GC heap after
{Heap after GC invocations=1350 (full 2):
 PSYoungGen      total 7680K, used 288K [0x00000000d5580000, 0x00000000d6480000, 0x0000000100000000)
  eden space 7168K, 0% used [0x00000000d5580000,0x00000000d5580000,0x00000000d5c80000)
  from space 512K, 56% used [0x00000000d6400000,0x00000000d6448000,0x00000000d6480000)
  to   space 512K, 0% used [0x00000000d6380000,0x00000000d6380000,0x00000000d6400000)
 ParOldGen       total 1027072K, used 1026675K [0x0000000080000000, 0x00000000beb00000, 0x00000000d5580000)
  object space 1027072K, 99% used [0x0000000080000000,0x00000000bea9ce80,0x00000000beb00000)
 Metaspace       used 31349K, committed 32512K, reserved 1114112K
  class space    used 2551K, committed 3200K, reserved 1048576K
}
Event: 28791.808 GC heap before
{Heap before GC invocations=1351 (full 2):
 PSYoungGen      total 7680K, used 7454K [0x00000000d5580000, 0x00000000d6480000, 0x0000000100000000)
  eden space 7168K, 99% used [0x00000000d5580000,0x00000000d5c7f908,0x00000000d5c80000)
  from space 512K, 56% used [0x00000000d6400000,0x00000000d6448000,0x00000000d6480000)
  to   space 512K, 0% used [0x00000000d6380000,0x00000000d6380000,0x00000000d6400000)
 ParOldGen       total 1027072K, used 1026675K [0x0000000080000000, 0x00000000beb00000, 0x00000000d5580000)
  object space 1027072K, 99% used [0x0000000080000000,0x00000000bea9ce80,0x00000000beb00000)
 Metaspace       used 31349K, committed 32512K, reserved 1114112K
  class space    used 2551K, committed 3200K, reserved 1048576K
}
Event: 28791.839 GC heap after
{Heap after GC invocations=1351 (full 2):
 PSYoungGen      total 7680K, used 224K [0x00000000d5580000, 0x00000000d6480000, 0x0000000100000000)
  eden space 7168K, 0% used [0x00000000d5580000,0x00000000d5580000,0x00000000d5c80000)
  from space 512K, 43% used [0x00000000d6380000,0x00000000d63b8000,0x00000000d6400000)
  to   space 512K, 0% used [0x00000000d6400000,0x00000000d6400000,0x00000000d6480000)
 ParOldGen       total 1027072K, used 1026691K [0x0000000080000000, 0x00000000beb00000, 0x00000000d5580000)
  object space 1027072K, 99% used [0x0000000080000000,0x00000000beaa0e80,0x00000000beb00000)
 Metaspace       used 31349K, committed 32512K, reserved 1114112K
  class space    used 2551K, committed 3200K, reserved 1048576K
}
Event: 29236.847 GC heap before
{Heap before GC invocations=1352 (full 2):
 PSYoungGen      total 7680K, used 7392K [0x00000000d5580000, 0x00000000d6480000, 0x0000000100000000)
  eden space 7168K, 100% used [0x00000000d5580000,0x00000000d5c80000,0x00000000d5c80000)
  from space 512K, 43% used [0x00000000d6380000,0x00000000d63b8000,0x00000000d6400000)
  to   space 512K, 0% used [0x00000000d6400000,0x00000000d6400000,0x00000000d6480000)
 ParOldGen       total 1027072K, used 1026691K [0x0000000080000000, 0x00000000beb00000, 0x00000000d5580000)
  object space 1027072K, 99% used [0x0000000080000000,0x00000000beaa0e80,0x00000000beb00000)
 Metaspace       used 31349K, committed 32512K, reserved 1114112K
  class space    used 2551K, committed 3200K, reserved 1048576K
}
Event: 29236.875 GC heap after
{Heap after GC invocations=1352 (full 2):
 PSYoungGen      total 7680K, used 288K [0x00000000d5580000, 0x00000000d6480000, 0x0000000100000000)
  eden space 7168K, 0% used [0x00000000d5580000,0x00000000d5580000,0x00000000d5c80000)
  from space 512K, 56% used [0x00000000d6400000,0x00000000d6448000,0x00000000d6480000)
  to   space 512K, 0% used [0x00000000d6380000,0x00000000d6380000,0x00000000d6400000)
 ParOldGen       total 1027072K, used 1026691K [0x0000000080000000, 0x00000000beb00000, 0x00000000d5580000)
  object space 1027072K, 99% used [0x0000000080000000,0x00000000beaa0e80,0x00000000beb00000)
 Metaspace       used 31349K, committed 32512K, reserved 1114112K
  class space    used 2551K, committed 3200K, reserved 1048576K
}

