# JRE version: OpenJDK Runtime Environment Temurin-21.0.10+7 (21.0.10+7) (build 21.0.10+7-LTS)
# Java VM: OpenJDK 64-Bit Server VM Temurin-21.0.10+7 (21.0.10+7-LTS, mixed mode, sharing, tiered, compressed oops, compressed class ptrs, parallel gc, windows-amd64)
GC Precious Log:
 CardTable entry size: 512
 CPUs: 12 total, 12 available
 Memory: 16024M
 Large Page Support: Disabled
 NUMA Support: Disabled
 Compressed Oops: Enabled (32-bit)
 Alignments: Space 512K, Generation 512K, Heap 2M
 Heap Min Capacity: 100M
 Heap Initial Capacity: 100M
 Heap Max Capacity: 2G
 Pre-touch: Disabled
 Parallel Workers: 10
Heap:
 PSYoungGen      total 12800K, used 2566K [0x00000000d5580000, 0x00000000d6d00000, 0x0000000100000000)
  eden space 12288K, 19% used [0x00000000d5580000,0x00000000d57c9b50,0x00000000d6180000)
  from space 512K, 43% used [0x00000000d6c00000,0x00000000d6c38000,0x00000000d6c80000)
  to   space 512K, 0% used [0x00000000d6c80000,0x00000000d6c80000,0x00000000d6d00000)
 ParOldGen       total 214528K, used 214277K [0x0000000080000000, 0x000000008d180000, 0x00000000d5580000)
  object space 214528K, 99% used [0x0000000080000000,0x000000008d141740,0x000000008d180000)
 Metaspace       used 32400K, committed 33536K, reserved 1114112K
  class space    used 3120K, committed 3584K, reserved 1048576K
GC Heap History (20 events):
Event: 2217.719 GC heap before
{Heap before GC invocations=177 (full 1):
 PSYoungGen      total 19968K, used 19946K [0x00000000d5580000, 0x00000000d7680000, 0x0000000100000000)
  eden space 12288K, 100% used [0x00000000d5580000,0x00000000d6180000,0x00000000d6180000)
  from space 7680K, 99% used [0x00000000d6580000,0x00000000d6cfa960,0x00000000d6d00000)
  to   space 9728K, 0% used [0x00000000d6d00000,0x00000000d6d00000,0x00000000d7680000)
 ParOldGen       total 206848K, used 206433K [0x0000000080000000, 0x000000008ca00000, 0x00000000d5580000)
  object space 206848K, 99% used [0x0000000080000000,0x000000008c9987d8,0x000000008ca00000)
 Metaspace       used 32199K, committed 33344K, reserved 1114112K
  class space    used 3120K, committed 3584K, reserved 1048576K
}
Event: 2217.727 GC heap after
{Heap after GC invocations=177 (full 1):
 PSYoungGen      total 12800K, used 320K [0x00000000d5580000, 0x00000000d6d80000, 0x0000000100000000)
  eden space 12288K, 0% used [0x00000000d5580000,0x00000000d5580000,0x00000000d6180000)
  from space 512K, 62% used [0x00000000d6d00000,0x00000000d6d50000,0x00000000d6d80000)
  to   space 3584K, 0% used [0x00000000d6680000,0x00000000d6680000,0x00000000d6a00000)
 ParOldGen       total 214016K, used 213989K [0x0000000080000000, 0x000000008d100000, 0x00000000d5580000)
  object space 214016K, 99% used [0x0000000080000000,0x000000008d0f9740,0x000000008d100000)
 Metaspace       used 32199K, committed 33344K, reserved 1114112K
  class space    used 3120K, committed 3584K, reserved 1048576K
}
Event: 2249.925 GC heap before
{Heap before GC invocations=178 (full 1):
 PSYoungGen      total 12800K, used 12608K [0x00000000d5580000, 0x00000000d6d80000, 0x0000000100000000)
  eden space 12288K, 100% used [0x00000000d5580000,0x00000000d6180000,0x00000000d6180000)
  from space 512K, 62% used [0x00000000d6d00000,0x00000000d6d50000,0x00000000d6d80000)
  to   space 3584K, 0% used [0x00000000d6680000,0x00000000d6680000,0x00000000d6a00000)
 ParOldGen       total 214016K, used 213989K [0x0000000080000000, 0x000000008d100000, 0x00000000d5580000)
  object space 214016K, 99% used [0x0000000080000000,0x000000008d0f9740,0x000000008d100000)
 Metaspace       used 32245K, committed 33408K, reserved 1114112K
  class space    used 3120K, committed 3584K, reserved 1048576K
}
Event: 2249.927 GC heap after
{Heap after GC invocations=178 (full 1):
 PSYoungGen      total 15872K, used 224K [0x00000000d5580000, 0x00000000d6d80000, 0x0000000100000000)
  eden space 12288K, 0% used [0x00000000d5580000,0x00000000d5580000,0x00000000d6180000)
  from space 3584K, 6% used [0x00000000d6680000,0x00000000d66b8000,0x00000000d6a00000)
  to   space 1024K, 0% used [0x00000000d6c80000,0x00000000d6c80000,0x00000000d6d80000)
 ParOldGen       total 214528K, used 214093K [0x0000000080000000, 0x000000008d180000, 0x00000000d5580000)
  object space 214528K, 99% used [0x0000000080000000,0x000000008d113740,0x000000008d180000)
 Metaspace       used 32245K, committed 33408K, reserved 1114112K
  class space    used 3120K, committed 3584K, reserved 1048576K
}
Event: 2461.550 GC heap before
{Heap before GC invocations=179 (full 1):
 PSYoungGen      total 15872K, used 12512K [0x00000000d5580000, 0x00000000d6d80000, 0x0000000100000000)
  eden space 12288K, 100% used [0x00000000d5580000,0x00000000d6180000,0x00000000d6180000)
  from space 3584K, 6% used [0x00000000d6680000,0x00000000d66b8000,0x00000000d6a00000)
  to   space 1024K, 0% used [0x00000000d6c80000,0x00000000d6c80000,0x00000000d6d80000)
 ParOldGen       total 214528K, used 214093K [0x0000000080000000, 0x000000008d180000, 0x00000000d5580000)
  object space 214528K, 99% used [0x0000000080000000,0x000000008d113740,0x000000008d180000)
 Metaspace       used 32307K, committed 33408K, reserved 1114112K
  class space    used 3120K, committed 3584K, reserved 1048576K
}
Event: 2461.555 GC heap after
{Heap after GC invocations=179 (full 1):
 PSYoungGen      total 12800K, used 256K [0x00000000d5580000, 0x00000000d6d00000, 0x0000000100000000)
  eden space 12288K, 0% used [0x00000000d5580000,0x00000000d5580000,0x00000000d6180000)
  from space 512K, 50% used [0x00000000d6c80000,0x00000000d6cc0000,0x00000000d6d00000)
  to   space 512K, 0% used [0x00000000d6c00000,0x00000000d6c00000,0x00000000d6c80000)
 ParOldGen       total 214528K, used 214141K [0x0000000080000000, 0x000000008d180000, 0x00000000d5580000)
  object space 214528K, 99% used [0x0000000080000000,0x000000008d11f740,0x000000008d180000)
 Metaspace       used 32307K, committed 33408K, reserved 1114112K
  class space    used 3120K, committed 3584K, reserved 1048576K
}
Event: 3398.048 GC heap before
{Heap before GC invocations=180 (full 1):
 PSYoungGen      total 12800K, used 12544K [0x00000000d5580000, 0x00000000d6d00000, 0x0000000100000000)
  eden space 12288K, 100% used [0x00000000d5580000,0x00000000d6180000,0x00000000d6180000)
  from space 512K, 50% used [0x00000000d6c80000,0x00000000d6cc0000,0x00000000d6d00000)
  to   space 512K, 0% used [0x00000000d6c00000,0x00000000d6c00000,0x00000000d6c80000)
 ParOldGen       total 214528K, used 214141K [0x0000000080000000, 0x000000008d180000, 0x00000000d5580000)
  object space 214528K, 99% used [0x0000000080000000,0x000000008d11f740,0x000000008d180000)
 Metaspace       used 32342K, committed 33472K, reserved 1114112K
  class space    used 3120K, committed 3584K, reserved 1048576K
}
Event: 3398.052 GC heap after
{Heap after GC invocations=180 (full 1):
 PSYoungGen      total 12800K, used 224K [0x00000000d5580000, 0x00000000d6d00000, 0x0000000100000000)
  eden space 12288K, 0% used [0x00000000d5580000,0x00000000d5580000,0x00000000d6180000)
  from space 512K, 43% used [0x00000000d6c00000,0x00000000d6c38000,0x00000000d6c80000)
  to   space 512K, 0% used [0x00000000d6c80000,0x00000000d6c80000,0x00000000d6d00000)
 ParOldGen       total 214528K, used 214205K [0x0000000080000000, 0x000000008d180000, 0x00000000d5580000)
  object space 214528K, 99% used [0x0000000080000000,0x000000008d12f740,0x000000008d180000)
 Metaspace       used 32342K, committed 33472K, reserved 1114112K
  class space    used 3120K, committed 3584K, reserved 1048576K
}
Event: 4548.115 GC heap before
{Heap before GC invocations=181 (full 1):
 PSYoungGen      total 12800K, used 12512K [0x00000000d5580000, 0x00000000d6d00000, 0x0000000100000000)
  eden space 12288K, 100% used [0x00000000d5580000,0x00000000d6180000,0x00000000d6180000)
  from space 512K, 43% used [0x00000000d6c00000,0x00000000d6c38000,0x00000000d6c80000)
  to   space 512K, 0% used [0x00000000d6c80000,0x00000000d6c80000,0x00000000d6d00000)
 ParOldGen       total 214528K, used 214205K [0x0000000080000000, 0x000000008d180000, 0x00000000d5580000)
  object space 214528K, 99% used [0x0000000080000000,0x000000008d12f740,0x000000008d180000)
 Metaspace       used 32350K, committed 33472K, reserved 1114112K
  class space    used 3120K, committed 3584K, reserved 1048576K
}
Event: 4548.130 GC heap after
{Heap after GC invocations=181 (full 1):
 PSYoungGen      total 12800K, used 192K [0x00000000d5580000, 0x00000000d6d00000, 0x0000000100000000)
  eden space 12288K, 0% used [0x00000000d5580000,0x00000000d5580000,0x00000000d6180000)
  from space 512K, 37% used [0x00000000d6c80000,0x00000000d6cb0000,0x00000000d6d00000)
  to   space 512K, 0% used [0x00000000d6c00000,0x00000000d6c00000,0x00000000d6c80000)
 ParOldGen       total 214528K, used 214221K [0x0000000080000000, 0x000000008d180000, 0x00000000d5580000)
  object space 214528K, 99% used [0x0000000080000000,0x000000008d133740,0x000000008d180000)
 Metaspace       used 32350K, committed 33472K, reserved 1114112K
  class space    used 3120K, committed 3584K, reserved 1048576K
}
Event: 6087.386 GC heap before
{Heap before GC invocations=182 (full 1):
 PSYoungGen      total 12800K, used 12480K [0x00000000d5580000, 0x00000000d6d00000, 0x0000000100000000)
  eden space 12288K, 100% used [0x00000000d5580000,0x00000000d6180000,0x00000000d6180000)
  from space 512K, 37% used [0x00000000d6c80000,0x00000000d6cb0000,0x00000000d6d00000)
  to   space 512K, 0% used [0x00000000d6c00000,0x00000000d6c00000,0x00000000d6c80000)
 ParOldGen       total 214528K, used 214221K [0x0000000080000000, 0x000000008d180000, 0x00000000d5580000)
  object space 214528K, 99% used [0x0000000080000000,0x000000008d133740,0x000000008d180000)
 Metaspace       used 32363K, committed 33472K, reserved 1114112K
  class space    used 3120K, committed 3584K, reserved 1048576K
}
Event: 6087.429 GC heap after
{Heap after GC invocations=182 (full 1):
 PSYoungGen      total 12800K, used 160K [0x00000000d5580000, 0x00000000d6d00000, 0x0000000100000000)
  eden space 12288K, 0% used [0x00000000d5580000,0x00000000d5580000,0x00000000d6180000)
  from space 512K, 31% used [0x00000000d6c00000,0x00000000d6c28000,0x00000000d6c80000)
  to   space 512K, 0% used [0x00000000d6c80000,0x00000000d6c80000,0x00000000d6d00000)
 ParOldGen       total 214528K, used 214237K [0x0000000080000000, 0x000000008d180000, 0x00000000d5580000)
  object space 214528K, 99% used [0x0000000080000000,0x000000008d137740,0x000000008d180000)
 Metaspace       used 32363K, committed 33472K, reserved 1114112K
  class space    used 3120K, committed 3584K, reserved 1048576K
}
Event: 7009.219 GC heap before
{Heap before GC invocations=183 (full 1):
 PSYoungGen      total 12800K, used 12448K [0x00000000d5580000, 0x00000000d6d00000, 0x0000000100000000)
  eden space 12288K, 100% used [0x00000000d5580000,0x00000000d6180000,0x00000000d6180000)
  from space 512K, 31% used [0x00000000d6c00000,0x00000000d6c28000,0x00000000d6c80000)
  to   space 512K, 0% used [0x00000000d6c80000,0x00000000d6c80000,0x00000000d6d00000)
 ParOldGen       total 214528K, used 214237K [0x0000000080000000, 0x000000008d180000, 0x00000000d5580000)
  object space 214528K, 99% used [0x0000000080000000,0x000000008d137740,0x000000008d180000)
 Metaspace       used 32372K, committed 33536K, reserved 1114112K
  class space    used 3120K, committed 3584K, reserved 1048576K
}
Event: 7009.224 GC heap after
{Heap after GC invocations=183 (full 1):
 PSYoungGen      total 12800K, used 256K [0x00000000d5580000, 0x00000000d6d00000, 0x0000000100000000)
  eden space 12288K, 0% used [0x00000000d5580000,0x00000000d5580000,0x00000000d6180000)
  from space 512K, 50% used [0x00000000d6c80000,0x00000000d6cc0000,0x00000000d6d00000)
  to   space 512K, 0% used [0x00000000d6c00000,0x00000000d6c00000,0x00000000d6c80000)
 ParOldGen       total 214528K, used 214245K [0x0000000080000000, 0x000000008d180000, 0x00000000d5580000)
  object space 214528K, 99% used [0x0000000080000000,0x000000008d139740,0x000000008d180000)
 Metaspace       used 32372K, committed 33536K, reserved 1114112K
  class space    used 3120K, committed 3584K, reserved 1048576K
}
Event: 8733.224 GC heap before
{Heap before GC invocations=184 (full 1):
 PSYoungGen      total 12800K, used 12544K [0x00000000d5580000, 0x00000000d6d00000, 0x0000000100000000)
  eden space 12288K, 100% used [0x00000000d5580000,0x00000000d6180000,0x00000000d6180000)
  from space 512K, 50% used [0x00000000d6c80000,0x00000000d6cc0000,0x00000000d6d00000)
  to   space 512K, 0% used [0x00000000d6c00000,0x00000000d6c00000,0x00000000d6c80000)
 ParOldGen       total 214528K, used 214245K [0x0000000080000000, 0x000000008d180000, 0x00000000d5580000)
  object space 214528K, 99% used [0x0000000080000000,0x000000008d139740,0x000000008d180000)
 Metaspace       used 32378K, committed 33536K, reserved 1114112K
  class space    used 3120K, committed 3584K, reserved 1048576K
}
Event: 8733.237 GC heap after
{Heap after GC invocations=184 (full 1):
 PSYoungGen      total 12800K, used 192K [0x00000000d5580000, 0x00000000d6d00000, 0x0000000100000000)
  eden space 12288K, 0% used [0x00000000d5580000,0x00000000d5580000,0x00000000d6180000)
  from space 512K, 37% used [0x00000000d6c00000,0x00000000d6c30000,0x00000000d6c80000)
  to   space 512K, 0% used [0x00000000d6c80000,0x00000000d6c80000,0x00000000d6d00000)
 ParOldGen       total 214528K, used 214253K [0x0000000080000000, 0x000000008d180000, 0x00000000d5580000)
  object space 214528K, 99% used [0x0000000080000000,0x000000008d13b740,0x000000008d180000)
 Metaspace       used 32378K, committed 33536K, reserved 1114112K
  class space    used 3120K, committed 3584K, reserved 1048576K
}
Event: 10146.591 GC heap before
{Heap before GC invocations=185 (full 1):
 PSYoungGen      total 12800K, used 12480K [0x00000000d5580000, 0x00000000d6d00000, 0x0000000100000000)
  eden space 12288K, 100% used [0x00000000d5580000,0x00000000d6180000,0x00000000d6180000)
  from space 512K, 37% used [0x00000000d6c00000,0x00000000d6c30000,0x00000000d6c80000)
  to   space 512K, 0% used [0x00000000d6c80000,0x00000000d6c80000,0x00000000d6d00000)
 ParOldGen       total 214528K, used 214253K [0x0000000080000000, 0x000000008d180000, 0x00000000d5580000)
  object space 214528K, 99% used [0x0000000080000000,0x000000008d13b740,0x000000008d180000)
 Metaspace       used 32378K, committed 33536K, reserved 1114112K
  class space    used 3120K, committed 3584K, reserved 1048576K
}
Event: 10146.606 GC heap after
{Heap after GC invocations=185 (full 1):
 PSYoungGen      total 12800K, used 224K [0x00000000d5580000, 0x00000000d6d00000, 0x0000000100000000)
  eden space 12288K, 0% used [0x00000000d5580000,0x00000000d5580000,0x00000000d6180000)
  from space 512K, 43% used [0x00000000d6c80000,0x00000000d6cb8000,0x00000000d6d00000)
  to   space 512K, 0% used [0x00000000d6c00000,0x00000000d6c00000,0x00000000d6c80000)
 ParOldGen       total 214528K, used 214269K [0x0000000080000000, 0x000000008d180000, 0x00000000d5580000)
  object space 214528K, 99% used [0x0000000080000000,0x000000008d13f740,0x000000008d180000)
 Metaspace       used 32378K, committed 33536K, reserved 1114112K
  class space    used 3120K, committed 3584K, reserved 1048576K
}
Event: 11837.029 GC heap before
{Heap before GC invocations=186 (full 1):
 PSYoungGen      total 12800K, used 12512K [0x00000000d5580000, 0x00000000d6d00000, 0x0000000100000000)
  eden space 12288K, 100% used [0x00000000d5580000,0x00000000d6180000,0x00000000d6180000)
  from space 512K, 43% used [0x00000000d6c80000,0x00000000d6cb8000,0x00000000d6d00000)
  to   space 512K, 0% used [0x00000000d6c00000,0x00000000d6c00000,0x00000000d6c80000)
 ParOldGen       total 214528K, used 214269K [0x0000000080000000, 0x000000008d180000, 0x00000000d5580000)
  object space 214528K, 99% used [0x0000000080000000,0x000000008d13f740,0x000000008d180000)
 Metaspace       used 32400K, committed 33536K, reserved 1114112K
  class space    used 3120K, committed 3584K, reserved 1048576K
}
Event: 11837.042 GC heap after
{Heap after GC invocations=186 (full 1):
 PSYoungGen      total 12800K, used 224K [0x00000000d5580000, 0x00000000d6d00000, 0x0000000100000000)
  eden space 12288K, 0% used [0x00000000d5580000,0x00000000d5580000,0x00000000d6180000)
  from space 512K, 43% used [0x00000000d6c00000,0x00000000d6c38000,0x00000000d6c80000)
  to   space 512K, 0% used [0x00000000d6c80000,0x00000000d6c80000,0x00000000d6d00000)
 ParOldGen       total 214528K, used 214277K [0x0000000080000000, 0x000000008d180000, 0x00000000d5580000)
  object space 214528K, 99% used [0x0000000080000000,0x000000008d141740,0x000000008d180000)
 Metaspace       used 32400K, committed 33536K, reserved 1114112K
  class space    used 3120K, committed 3584K, reserved 1048576K
}

