# JRE version: OpenJDK Runtime Environment Temurin-21.0.10+7 (21.0.10+7) (build 21.0.10+7-LTS)
# Java VM: OpenJDK 64-Bit Server VM Temurin-21.0.10+7 (21.0.10+7-LTS, mixed mode, sharing, tiered, compressed oops, compressed class ptrs, parallel gc, windows-amd64)
GC Precious Log:
 CardTable entry size: 512
 CPUs: 12 total, 12 available
 Memory: 16024M
 Large Page Support: Disabled
 NUMA Support: Disabled
 Compressed Oops: Enabled (32-bit)
 Alignments: Space 512K, Generation 512K, Heap 2M
 Heap Min Capacity: 100M
 Heap Initial Capacity: 100M
 Heap Max Capacity: 2G
 Pre-touch: Disabled
 Parallel Workers: 10
Heap:
 PSYoungGen      total 1536K, used 1094K [0x00000000d5580000, 0x00000000d5880000, 0x0000000100000000)
  eden space 1024K, 81% used [0x00000000d5580000,0x00000000d5651bd8,0x00000000d5680000)
  from space 512K, 50% used [0x00000000d5780000,0x00000000d57c0000,0x00000000d5800000)
  to   space 512K, 0% used [0x00000000d5800000,0x00000000d5800000,0x00000000d5880000)
 ParOldGen       total 316928K, used 62913K [0x0000000080000000, 0x0000000093580000, 0x00000000d5580000)
  object space 316928K, 19% used [0x0000000080000000,0x0000000083d707d8,0x0000000093580000)
 Metaspace       used 40654K, committed 42368K, reserved 1114112K
  class space    used 3647K, committed 4352K, reserved 1048576K
GC Heap History (20 events):
Event: 6469.264 GC heap before
{Heap before GC invocations=405 (full 3):
 PSYoungGen      total 1536K, used 1344K [0x00000000d5580000, 0x00000000d5880000, 0x0000000100000000)
  eden space 1024K, 100% used [0x00000000d5580000,0x00000000d5680000,0x00000000d5680000)
  from space 512K, 62% used [0x00000000d5780000,0x00000000d57d0000,0x00000000d5800000)
  to   space 512K, 0% used [0x00000000d5800000,0x00000000d5800000,0x00000000d5880000)
 ParOldGen       total 316928K, used 62873K [0x0000000080000000, 0x0000000093580000, 0x00000000d5580000)
  object space 316928K, 19% used [0x0000000080000000,0x0000000083d667d8,0x0000000093580000)
 Metaspace       used 40648K, committed 42368K, reserved 1114112K
  class space    used 3647K, committed 4352K, reserved 1048576K
}
Event: 6469.266 GC heap after
{Heap after GC invocations=405 (full 3):
 PSYoungGen      total 1536K, used 288K [0x00000000d5580000, 0x00000000d5880000, 0x0000000100000000)
  eden space 1024K, 0% used [0x00000000d5580000,0x00000000d5580000,0x00000000d5680000)
  from space 512K, 56% used [0x00000000d5800000,0x00000000d5848000,0x00000000d5880000)
  to   space 512K, 0% used [0x00000000d5780000,0x00000000d5780000,0x00000000d5800000)
 ParOldGen       total 316928K, used 62873K [0x0000000080000000, 0x0000000093580000, 0x00000000d5580000)
  object space 316928K, 19% used [0x0000000080000000,0x0000000083d667d8,0x0000000093580000)
 Metaspace       used 40648K, committed 42368K, reserved 1114112K
  class space    used 3647K, committed 4352K, reserved 1048576K
}
Event: 6509.920 GC heap before
{Heap before GC invocations=406 (full 3):
 PSYoungGen      total 1536K, used 1312K [0x00000000d5580000, 0x00000000d5880000, 0x0000000100000000)
  eden space 1024K, 100% used [0x00000000d5580000,0x00000000d5680000,0x00000000d5680000)
  from space 512K, 56% used [0x00000000d5800000,0x00000000d5848000,0x00000000d5880000)
  to   space 512K, 0% used [0x00000000d5780000,0x00000000d5780000,0x00000000d5800000)
 ParOldGen       total 316928K, used 62873K [0x0000000080000000, 0x0000000093580000, 0x00000000d5580000)
  object space 316928K, 19% used [0x0000000080000000,0x0000000083d667d8,0x0000000093580000)
 Metaspace       used 40648K, committed 42368K, reserved 1114112K
  class space    used 3647K, committed 4352K, reserved 1048576K
}
Event: 6509.920 GC heap after
{Heap after GC invocations=406 (full 3):
 PSYoungGen      total 1536K, used 256K [0x00000000d5580000, 0x00000000d5880000, 0x0000000100000000)
  eden space 1024K, 0% used [0x00000000d5580000,0x00000000d5580000,0x00000000d5680000)
  from space 512K, 50% used [0x00000000d5780000,0x00000000d57c0000,0x00000000d5800000)
  to   space 512K, 0% used [0x00000000d5800000,0x00000000d5800000,0x00000000d5880000)
 ParOldGen       total 316928K, used 62873K [0x0000000080000000, 0x0000000093580000, 0x00000000d5580000)
  object space 316928K, 19% used [0x0000000080000000,0x0000000083d667d8,0x0000000093580000)
 Metaspace       used 40648K, committed 42368K, reserved 1114112K
  class space    used 3647K, committed 4352K, reserved 1048576K
}
Event: 6538.229 GC heap before
{Heap before GC invocations=407 (full 3):
 PSYoungGen      total 1536K, used 1280K [0x00000000d5580000, 0x00000000d5880000, 0x0000000100000000)
  eden space 1024K, 100% used [0x00000000d5580000,0x00000000d5680000,0x00000000d5680000)
  from space 512K, 50% used [0x00000000d5780000,0x00000000d57c0000,0x00000000d5800000)
  to   space 512K, 0% used [0x00000000d5800000,0x00000000d5800000,0x00000000d5880000)
 ParOldGen       total 316928K, used 62873K [0x0000000080000000, 0x0000000093580000, 0x00000000d5580000)
  object space 316928K, 19% used [0x0000000080000000,0x0000000083d667d8,0x0000000093580000)
 Metaspace       used 40648K, committed 42368K, reserved 1114112K
  class space    used 3647K, committed 4352K, reserved 1048576K
}
Event: 6538.231 GC heap after
{Heap after GC invocations=407 (full 3):
 PSYoungGen      total 1536K, used 288K [0x00000000d5580000, 0x00000000d5880000, 0x0000000100000000)
  eden space 1024K, 0% used [0x00000000d5580000,0x00000000d5580000,0x00000000d5680000)
  from space 512K, 56% used [0x00000000d5800000,0x00000000d5848000,0x00000000d5880000)
  to   space 512K, 0% used [0x00000000d5780000,0x00000000d5780000,0x00000000d5800000)
 ParOldGen       total 316928K, used 62881K [0x0000000080000000, 0x0000000093580000, 0x00000000d5580000)
  object space 316928K, 19% used [0x0000000080000000,0x0000000083d687d8,0x0000000093580000)
 Metaspace       used 40648K, committed 42368K, reserved 1114112K
  class space    used 3647K, committed 4352K, reserved 1048576K
}
Event: 6631.052 GC heap before
{Heap before GC invocations=408 (full 3):
 PSYoungGen      total 1536K, used 1312K [0x00000000d5580000, 0x00000000d5880000, 0x0000000100000000)
  eden space 1024K, 100% used [0x00000000d5580000,0x00000000d5680000,0x00000000d5680000)
  from space 512K, 56% used [0x00000000d5800000,0x00000000d5848000,0x00000000d5880000)
  to   space 512K, 0% used [0x00000000d5780000,0x00000000d5780000,0x00000000d5800000)
 ParOldGen       total 316928K, used 62881K [0x0000000080000000, 0x0000000093580000, 0x00000000d5580000)
  object space 316928K, 19% used [0x0000000080000000,0x0000000083d687d8,0x0000000093580000)
 Metaspace       used 40648K, committed 42368K, reserved 1114112K
  class space    used 3647K, committed 4352K, reserved 1048576K
}
Event: 6631.054 GC heap after
{Heap after GC invocations=408 (full 3):
 PSYoungGen      total 1536K, used 288K [0x00000000d5580000, 0x00000000d5880000, 0x0000000100000000)
  eden space 1024K, 0% used [0x00000000d5580000,0x00000000d5580000,0x00000000d5680000)
  from space 512K, 56% used [0x00000000d5780000,0x00000000d57c8000,0x00000000d5800000)
  to   space 512K, 0% used [0x00000000d5800000,0x00000000d5800000,0x00000000d5880000)
 ParOldGen       total 316928K, used 62881K [0x0000000080000000, 0x0000000093580000, 0x00000000d5580000)
  object space 316928K, 19% used [0x0000000080000000,0x0000000083d687d8,0x0000000093580000)
 Metaspace       used 40648K, committed 42368K, reserved 1114112K
  class space    used 3647K, committed 4352K, reserved 1048576K
}
Event: 6661.950 GC heap before
{Heap before GC invocations=409 (full 3):
 PSYoungGen      total 1536K, used 1312K [0x00000000d5580000, 0x00000000d5880000, 0x0000000100000000)
  eden space 1024K, 100% used [0x00000000d5580000,0x00000000d5680000,0x00000000d5680000)
  from space 512K, 56% used [0x00000000d5780000,0x00000000d57c8000,0x00000000d5800000)
  to   space 512K, 0% used [0x00000000d5800000,0x00000000d5800000,0x00000000d5880000)
 ParOldGen       total 316928K, used 62881K [0x0000000080000000, 0x0000000093580000, 0x00000000d5580000)
  object space 316928K, 19% used [0x0000000080000000,0x0000000083d687d8,0x0000000093580000)
 Metaspace       used 40653K, committed 42368K, reserved 1114112K
  class space    used 3647K, committed 4352K, reserved 1048576K
}
Event: 6661.951 GC heap after
{Heap after GC invocations=409 (full 3):
 PSYoungGen      total 1536K, used 192K [0x00000000d5580000, 0x00000000d5880000, 0x0000000100000000)
  eden space 1024K, 0% used [0x00000000d5580000,0x00000000d5580000,0x00000000d5680000)
  from space 512K, 37% used [0x00000000d5800000,0x00000000d5830000,0x00000000d5880000)
  to   space 512K, 0% used [0x00000000d5780000,0x00000000d5780000,0x00000000d5800000)
 ParOldGen       total 316928K, used 62889K [0x0000000080000000, 0x0000000093580000, 0x00000000d5580000)
  object space 316928K, 19% used [0x0000000080000000,0x0000000083d6a7d8,0x0000000093580000)
 Metaspace       used 40653K, committed 42368K, reserved 1114112K
  class space    used 3647K, committed 4352K, reserved 1048576K
}
Event: 6723.367 GC heap before
{Heap before GC invocations=410 (full 3):
 PSYoungGen      total 1536K, used 1216K [0x00000000d5580000, 0x00000000d5880000, 0x0000000100000000)
  eden space 1024K, 100% used [0x00000000d5580000,0x00000000d5680000,0x00000000d5680000)
  from space 512K, 37% used [0x00000000d5800000,0x00000000d5830000,0x00000000d5880000)
  to   space 512K, 0% used [0x00000000d5780000,0x00000000d5780000,0x00000000d5800000)
 ParOldGen       total 316928K, used 62889K [0x0000000080000000, 0x0000000093580000, 0x00000000d5580000)
  object space 316928K, 19% used [0x0000000080000000,0x0000000083d6a7d8,0x0000000093580000)
 Metaspace       used 40654K, committed 42368K, reserved 1114112K
  class space    used 3647K, committed 4352K, reserved 1048576K
}
Event: 6723.368 GC heap after
{Heap after GC invocations=410 (full 3):
 PSYoungGen      total 1536K, used 192K [0x00000000d5580000, 0x00000000d5880000, 0x0000000100000000)
  eden space 1024K, 0% used [0x00000000d5580000,0x00000000d5580000,0x00000000d5680000)
  from space 512K, 37% used [0x00000000d5780000,0x00000000d57b0000,0x00000000d5800000)
  to   space 512K, 0% used [0x00000000d5800000,0x00000000d5800000,0x00000000d5880000)
 ParOldGen       total 316928K, used 62905K [0x0000000080000000, 0x0000000093580000, 0x00000000d5580000)
  object space 316928K, 19% used [0x0000000080000000,0x0000000083d6e7d8,0x0000000093580000)
 Metaspace       used 40654K, committed 42368K, reserved 1114112K
  class space    used 3647K, committed 4352K, reserved 1048576K
}
Event: 6747.620 GC heap before
{Heap before GC invocations=411 (full 3):
 PSYoungGen      total 1536K, used 1216K [0x00000000d5580000, 0x00000000d5880000, 0x0000000100000000)
  eden space 1024K, 100% used [0x00000000d5580000,0x00000000d5680000,0x00000000d5680000)
  from space 512K, 37% used [0x00000000d5780000,0x00000000d57b0000,0x00000000d5800000)
  to   space 512K, 0% used [0x00000000d5800000,0x00000000d5800000,0x00000000d5880000)
 ParOldGen       total 316928K, used 62905K [0x0000000080000000, 0x0000000093580000, 0x00000000d5580000)
  object space 316928K, 19% used [0x0000000080000000,0x0000000083d6e7d8,0x0000000093580000)
 Metaspace       used 40654K, committed 42368K, reserved 1114112K
  class space    used 3647K, committed 4352K, reserved 1048576K
}
Event: 6747.621 GC heap after
{Heap after GC invocations=411 (full 3):
 PSYoungGen      total 1536K, used 288K [0x00000000d5580000, 0x00000000d5880000, 0x0000000100000000)
  eden space 1024K, 0% used [0x00000000d5580000,0x00000000d5580000,0x00000000d5680000)
  from space 512K, 56% used [0x00000000d5800000,0x00000000d5848000,0x00000000d5880000)
  to   space 512K, 0% used [0x00000000d5780000,0x00000000d5780000,0x00000000d5800000)
 ParOldGen       total 316928K, used 62905K [0x0000000080000000, 0x0000000093580000, 0x00000000d5580000)
  object space 316928K, 19% used [0x0000000080000000,0x0000000083d6e7d8,0x0000000093580000)
 Metaspace       used 40654K, committed 42368K, reserved 1114112K
  class space    used 3647K, committed 4352K, reserved 1048576K
}
Event: 6891.640 GC heap before
{Heap before GC invocations=412 (full 3):
 PSYoungGen      total 1536K, used 1307K [0x00000000d5580000, 0x00000000d5880000, 0x0000000100000000)
  eden space 1024K, 99% used [0x00000000d5580000,0x00000000d567ec98,0x00000000d5680000)
  from space 512K, 56% used [0x00000000d5800000,0x00000000d5848000,0x00000000d5880000)
  to   space 512K, 0% used [0x00000000d5780000,0x00000000d5780000,0x00000000d5800000)
 ParOldGen       total 316928K, used 62905K [0x0000000080000000, 0x0000000093580000, 0x00000000d5580000)
  object space 316928K, 19% used [0x0000000080000000,0x0000000083d6e7d8,0x0000000093580000)
 Metaspace       used 40654K, committed 42368K, reserved 1114112K
  class space    used 3647K, committed 4352K, reserved 1048576K
}
Event: 6891.641 GC heap after
{Heap after GC invocations=412 (full 3):
 PSYoungGen      total 1536K, used 256K [0x00000000d5580000, 0x00000000d5880000, 0x0000000100000000)
  eden space 1024K, 0% used [0x00000000d5580000,0x00000000d5580000,0x00000000d5680000)
  from space 512K, 50% used [0x00000000d5780000,0x00000000d57c0000,0x00000000d5800000)
  to   space 512K, 0% used [0x00000000d5800000,0x00000000d5800000,0x00000000d5880000)
 ParOldGen       total 316928K, used 62905K [0x0000000080000000, 0x0000000093580000, 0x00000000d5580000)
  object space 316928K, 19% used [0x0000000080000000,0x0000000083d6e7d8,0x0000000093580000)
 Metaspace       used 40654K, committed 42368K, reserved 1114112K
  class space    used 3647K, committed 4352K, reserved 1048576K
}
Event: 6917.599 GC heap before
{Heap before GC invocations=413 (full 3):
 PSYoungGen      total 1536K, used 1280K [0x00000000d5580000, 0x00000000d5880000, 0x0000000100000000)
  eden space 1024K, 100% used [0x00000000d5580000,0x00000000d5680000,0x00000000d5680000)
  from space 512K, 50% used [0x00000000d5780000,0x00000000d57c0000,0x00000000d5800000)
  to   space 512K, 0% used [0x00000000d5800000,0x00000000d5800000,0x00000000d5880000)
 ParOldGen       total 316928K, used 62905K [0x0000000080000000, 0x0000000093580000, 0x00000000d5580000)
  object space 316928K, 19% used [0x0000000080000000,0x0000000083d6e7d8,0x0000000093580000)
 Metaspace       used 40654K, committed 42368K, reserved 1114112K
  class space    used 3647K, committed 4352K, reserved 1048576K
}
Event: 6917.599 GC heap after
{Heap after GC invocations=413 (full 3):
 PSYoungGen      total 1536K, used 224K [0x00000000d5580000, 0x00000000d5880000, 0x0000000100000000)
  eden space 1024K, 0% used [0x00000000d5580000,0x00000000d5580000,0x00000000d5680000)
  from space 512K, 43% used [0x00000000d5800000,0x00000000d5838000,0x00000000d5880000)
  to   space 512K, 0% used [0x00000000d5780000,0x00000000d5780000,0x00000000d5800000)
 ParOldGen       total 316928K, used 62905K [0x0000000080000000, 0x0000000093580000, 0x00000000d5580000)
  object space 316928K, 19% used [0x0000000080000000,0x0000000083d6e7d8,0x0000000093580000)
 Metaspace       used 40654K, committed 42368K, reserved 1114112K
  class space    used 3647K, committed 4352K, reserved 1048576K
}
Event: 6950.122 GC heap before
{Heap before GC invocations=414 (full 3):
 PSYoungGen      total 1536K, used 1248K [0x00000000d5580000, 0x00000000d5880000, 0x0000000100000000)
  eden space 1024K, 100% used [0x00000000d5580000,0x00000000d5680000,0x00000000d5680000)
  from space 512K, 43% used [0x00000000d5800000,0x00000000d5838000,0x00000000d5880000)
  to   space 512K, 0% used [0x00000000d5780000,0x00000000d5780000,0x00000000d5800000)
 ParOldGen       total 316928K, used 62905K [0x0000000080000000, 0x0000000093580000, 0x00000000d5580000)
  object space 316928K, 19% used [0x0000000080000000,0x0000000083d6e7d8,0x0000000093580000)
 Metaspace       used 40654K, committed 42368K, reserved 1114112K
  class space    used 3647K, committed 4352K, reserved 1048576K
}
Event: 6950.123 GC heap after
{Heap after GC invocations=414 (full 3):
 PSYoungGen      total 1536K, used 256K [0x00000000d5580000, 0x00000000d5880000, 0x0000000100000000)
  eden space 1024K, 0% used [0x00000000d5580000,0x00000000d5580000,0x00000000d5680000)
  from space 512K, 50% used [0x00000000d5780000,0x00000000d57c0000,0x00000000d5800000)
  to   space 512K, 0% used [0x00000000d5800000,0x00000000d5800000,0x00000000d5880000)
 ParOldGen       total 316928K, used 62913K [0x0000000080000000, 0x0000000093580000, 0x00000000d5580000)
  object space 316928K, 19% used [0x0000000080000000,0x0000000083d707d8,0x0000000093580000)
 Metaspace       used 40654K, committed 42368K, reserved 1114112K
  class space    used 3647K, committed 4352K, reserved 1048576K
}

