# JRE version: OpenJDK Runtime Environment Temurin-21.0.10+7 (21.0.10+7) (build 21.0.10+7-LTS)
# Java VM: OpenJDK 64-Bit Server VM Temurin-21.0.10+7 (21.0.10+7-LTS, mixed mode, sharing, tiered, compressed oops, compressed class ptrs, parallel gc, windows-amd64)
GC Precious Log:
 CardTable entry size: 512
 CPUs: 12 total, 12 available
 Memory: 16024M
 Large Page Support: Disabled
 NUMA Support: Disabled
 Compressed Oops: Enabled (32-bit)
 Alignments: Space 512K, Generation 512K, Heap 2M
 Heap Min Capacity: 100M
 Heap Initial Capacity: 100M
 Heap Max Capacity: 2G
 Pre-touch: Disabled
 Parallel Workers: 10
Heap:
 PSYoungGen      total 10240K, used 1709K [0x00000000d5580000, 0x00000000d6700000, 0x0000000100000000)
  eden space 9728K, 14% used [0x00000000d5580000,0x00000000d56eb568,0x00000000d5f00000)
  from space 512K, 50% used [0x00000000d6600000,0x00000000d6640000,0x00000000d6680000)
  to   space 512K, 0% used [0x00000000d6680000,0x00000000d6680000,0x00000000d6700000)
 ParOldGen       total 90624K, used 90595K [0x0000000080000000, 0x0000000085880000, 0x00000000d5580000)
  object space 90624K, 99% used [0x0000000080000000,0x0000000085878ff8,0x0000000085880000)
 Metaspace       used 25173K, committed 26176K, reserved 1114112K
  class space    used 2576K, committed 2944K, reserved 1048576K
GC Heap History (20 events):
Event: 102.224 GC heap before
{Heap before GC invocations=76 (full 1):
 PSYoungGen      total 11776K, used 11648K [0x00000000d5580000, 0x00000000d6980000, 0x0000000100000000)
  eden space 9728K, 100% used [0x00000000d5580000,0x00000000d5f00000,0x00000000d5f00000)
  from space 2048K, 93% used [0x00000000d6780000,0x00000000d6960020,0x00000000d6980000)
  to   space 4096K, 0% used [0x00000000d6180000,0x00000000d6180000,0x00000000d6580000)
 ParOldGen       total 88064K, used 87815K [0x0000000080000000, 0x0000000085600000, 0x00000000d5580000)
  object space 88064K, 99% used [0x0000000080000000,0x00000000855c1f88,0x0000000085600000)
 Metaspace       used 24601K, committed 25536K, reserved 1114112K
  class space    used 2492K, committed 2880K, reserved 1048576K
}
Event: 102.227 GC heap after
{Heap after GC invocations=76 (full 1):
 PSYoungGen      total 13824K, used 448K [0x00000000d5580000, 0x00000000d6800000, 0x0000000100000000)
  eden space 9728K, 0% used [0x00000000d5580000,0x00000000d5580000,0x00000000d5f00000)
  from space 4096K, 10% used [0x00000000d6180000,0x00000000d61f0000,0x00000000d6580000)
  to   space 1536K, 0% used [0x00000000d6680000,0x00000000d6680000,0x00000000d6800000)
 ParOldGen       total 89600K, used 89583K [0x0000000080000000, 0x0000000085780000, 0x00000000d5580000)
  object space 89600K, 99% used [0x0000000080000000,0x000000008577bfb8,0x0000000085780000)
 Metaspace       used 24601K, committed 25536K, reserved 1114112K
  class space    used 2492K, committed 2880K, reserved 1048576K
}
Event: 102.275 GC heap before
{Heap before GC invocations=77 (full 1):
 PSYoungGen      total 13824K, used 10176K [0x00000000d5580000, 0x00000000d6800000, 0x0000000100000000)
  eden space 9728K, 100% used [0x00000000d5580000,0x00000000d5f00000,0x00000000d5f00000)
  from space 4096K, 10% used [0x00000000d6180000,0x00000000d61f0000,0x00000000d6580000)
  to   space 1536K, 0% used [0x00000000d6680000,0x00000000d6680000,0x00000000d6800000)
 ParOldGen       total 89600K, used 89583K [0x0000000080000000, 0x0000000085780000, 0x00000000d5580000)
  object space 89600K, 99% used [0x0000000080000000,0x000000008577bfb8,0x0000000085780000)
 Metaspace       used 24743K, committed 25664K, reserved 1114112K
  class space    used 2510K, committed 2880K, reserved 1048576K
}
Event: 102.276 GC heap after
{Heap after GC invocations=77 (full 1):
 PSYoungGen      total 10240K, used 352K [0x00000000d5580000, 0x00000000d6700000, 0x0000000100000000)
  eden space 9728K, 0% used [0x00000000d5580000,0x00000000d5580000,0x00000000d5f00000)
  from space 512K, 68% used [0x00000000d6680000,0x00000000d66d8000,0x00000000d6700000)
  to   space 1024K, 0% used [0x00000000d6500000,0x00000000d6500000,0x00000000d6600000)
 ParOldGen       total 90112K, used 89743K [0x0000000080000000, 0x0000000085800000, 0x00000000d5580000)
  object space 90112K, 99% used [0x0000000080000000,0x00000000857a3fb8,0x0000000085800000)
 Metaspace       used 24743K, committed 25664K, reserved 1114112K
  class space    used 2510K, committed 2880K, reserved 1048576K
}
Event: 102.313 GC heap before
{Heap before GC invocations=78 (full 1):
 PSYoungGen      total 10240K, used 10080K [0x00000000d5580000, 0x00000000d6700000, 0x0000000100000000)
  eden space 9728K, 100% used [0x00000000d5580000,0x00000000d5f00000,0x00000000d5f00000)
  from space 512K, 68% used [0x00000000d6680000,0x00000000d66d8000,0x00000000d6700000)
  to   space 1024K, 0% used [0x00000000d6500000,0x00000000d6500000,0x00000000d6600000)
 ParOldGen       total 90112K, used 89743K [0x0000000080000000, 0x0000000085800000, 0x00000000d5580000)
  object space 90112K, 99% used [0x0000000080000000,0x00000000857a3fb8,0x0000000085800000)
 Metaspace       used 24826K, committed 25792K, reserved 1114112K
  class space    used 2530K, committed 2944K, reserved 1048576K
}
Event: 102.314 GC heap after
{Heap after GC invocations=78 (full 1):
 PSYoungGen      total 10752K, used 320K [0x00000000d5580000, 0x00000000d6700000, 0x0000000100000000)
  eden space 9728K, 0% used [0x00000000d5580000,0x00000000d5580000,0x00000000d5f00000)
  from space 1024K, 31% used [0x00000000d6500000,0x00000000d6550000,0x00000000d6600000)
  to   space 512K, 0% used [0x00000000d6680000,0x00000000d6680000,0x00000000d6700000)
 ParOldGen       total 90112K, used 89919K [0x0000000080000000, 0x0000000085800000, 0x00000000d5580000)
  object space 90112K, 99% used [0x0000000080000000,0x00000000857cffb8,0x0000000085800000)
 Metaspace       used 24826K, committed 25792K, reserved 1114112K
  class space    used 2530K, committed 2944K, reserved 1048576K
}
Event: 102.356 GC heap before
{Heap before GC invocations=79 (full 1):
 PSYoungGen      total 10752K, used 10048K [0x00000000d5580000, 0x00000000d6700000, 0x0000000100000000)
  eden space 9728K, 100% used [0x00000000d5580000,0x00000000d5f00000,0x00000000d5f00000)
  from space 1024K, 31% used [0x00000000d6500000,0x00000000d6550000,0x00000000d6600000)
  to   space 512K, 0% used [0x00000000d6680000,0x00000000d6680000,0x00000000d6700000)
 ParOldGen       total 90112K, used 89919K [0x0000000080000000, 0x0000000085800000, 0x00000000d5580000)
  object space 90112K, 99% used [0x0000000080000000,0x00000000857cffb8,0x0000000085800000)
 Metaspace       used 24912K, committed 25856K, reserved 1114112K
  class space    used 2547K, committed 2944K, reserved 1048576K
}
Event: 102.357 GC heap after
{Heap after GC invocations=79 (full 1):
 PSYoungGen      total 10240K, used 288K [0x00000000d5580000, 0x00000000d6700000, 0x0000000100000000)
  eden space 9728K, 0% used [0x00000000d5580000,0x00000000d5580000,0x00000000d5f00000)
  from space 512K, 56% used [0x00000000d6680000,0x00000000d66c8000,0x00000000d6700000)
  to   space 512K, 0% used [0x00000000d6600000,0x00000000d6600000,0x00000000d6680000)
 ParOldGen       total 90112K, used 90039K [0x0000000080000000, 0x0000000085800000, 0x00000000d5580000)
  object space 90112K, 99% used [0x0000000080000000,0x00000000857edfb8,0x0000000085800000)
 Metaspace       used 24912K, committed 25856K, reserved 1114112K
  class space    used 2547K, committed 2944K, reserved 1048576K
}
Event: 102.401 GC heap before
{Heap before GC invocations=80 (full 1):
 PSYoungGen      total 10240K, used 10016K [0x00000000d5580000, 0x00000000d6700000, 0x0000000100000000)
  eden space 9728K, 100% used [0x00000000d5580000,0x00000000d5f00000,0x00000000d5f00000)
  from space 512K, 56% used [0x00000000d6680000,0x00000000d66c8000,0x00000000d6700000)
  to   space 512K, 0% used [0x00000000d6600000,0x00000000d6600000,0x00000000d6680000)
 ParOldGen       total 90112K, used 90039K [0x0000000080000000, 0x0000000085800000, 0x00000000d5580000)
  object space 90112K, 99% used [0x0000000080000000,0x00000000857edfb8,0x0000000085800000)
 Metaspace       used 24980K, committed 25984K, reserved 1114112K
  class space    used 2556K, committed 2944K, reserved 1048576K
}
Event: 102.402 GC heap after
{Heap after GC invocations=80 (full 1):
 PSYoungGen      total 10240K, used 320K [0x00000000d5580000, 0x00000000d6700000, 0x0000000100000000)
  eden space 9728K, 0% used [0x00000000d5580000,0x00000000d5580000,0x00000000d5f00000)
  from space 512K, 62% used [0x00000000d6600000,0x00000000d6650000,0x00000000d6680000)
  to   space 512K, 0% used [0x00000000d6680000,0x00000000d6680000,0x00000000d6700000)
 ParOldGen       total 90624K, used 90175K [0x0000000080000000, 0x0000000085880000, 0x00000000d5580000)
  object space 90624K, 99% used [0x0000000080000000,0x000000008580ffb8,0x0000000085880000)
 Metaspace       used 24980K, committed 25984K, reserved 1114112K
  class space    used 2556K, committed 2944K, reserved 1048576K
}
Event: 102.468 GC heap before
{Heap before GC invocations=81 (full 1):
 PSYoungGen      total 10240K, used 10047K [0x00000000d5580000, 0x00000000d6700000, 0x0000000100000000)
  eden space 9728K, 99% used [0x00000000d5580000,0x00000000d5efffd0,0x00000000d5f00000)
  from space 512K, 62% used [0x00000000d6600000,0x00000000d6650000,0x00000000d6680000)
  to   space 512K, 0% used [0x00000000d6680000,0x00000000d6680000,0x00000000d6700000)
 ParOldGen       total 90624K, used 90175K [0x0000000080000000, 0x0000000085880000, 0x00000000d5580000)
  object space 90624K, 99% used [0x0000000080000000,0x000000008580ffb8,0x0000000085880000)
 Metaspace       used 25003K, committed 25984K, reserved 1114112K
  class space    used 2557K, committed 2944K, reserved 1048576K
}
Event: 102.469 GC heap after
{Heap after GC invocations=81 (full 1):
 PSYoungGen      total 10240K, used 288K [0x00000000d5580000, 0x00000000d6700000, 0x0000000100000000)
  eden space 9728K, 0% used [0x00000000d5580000,0x00000000d5580000,0x00000000d5f00000)
  from space 512K, 56% used [0x00000000d6680000,0x00000000d66c8000,0x00000000d6700000)
  to   space 512K, 0% used [0x00000000d6600000,0x00000000d6600000,0x00000000d6680000)
 ParOldGen       total 90624K, used 90295K [0x0000000080000000, 0x0000000085880000, 0x00000000d5580000)
  object space 90624K, 99% used [0x0000000080000000,0x000000008582dfb8,0x0000000085880000)
 Metaspace       used 25003K, committed 25984K, reserved 1114112K
  class space    used 2557K, committed 2944K, reserved 1048576K
}
Event: 102.519 GC heap before
{Heap before GC invocations=82 (full 1):
 PSYoungGen      total 10240K, used 10016K [0x00000000d5580000, 0x00000000d6700000, 0x0000000100000000)
  eden space 9728K, 100% used [0x00000000d5580000,0x00000000d5f00000,0x00000000d5f00000)
  from space 512K, 56% used [0x00000000d6680000,0x00000000d66c8000,0x00000000d6700000)
  to   space 512K, 0% used [0x00000000d6600000,0x00000000d6600000,0x00000000d6680000)
 ParOldGen       total 90624K, used 90295K [0x0000000080000000, 0x0000000085880000, 0x00000000d5580000)
  object space 90624K, 99% used [0x0000000080000000,0x000000008582dfb8,0x0000000085880000)
 Metaspace       used 25154K, committed 26112K, reserved 1114112K
  class space    used 2576K, committed 2944K, reserved 1048576K
}
Event: 102.520 GC heap after
{Heap after GC invocations=82 (full 1):
 PSYoungGen      total 10240K, used 352K [0x00000000d5580000, 0x00000000d6700000, 0x0000000100000000)
  eden space 9728K, 0% used [0x00000000d5580000,0x00000000d5580000,0x00000000d5f00000)
  from space 512K, 68% used [0x00000000d6600000,0x00000000d6658010,0x00000000d6680000)
  to   space 512K, 0% used [0x00000000d6680000,0x00000000d6680000,0x00000000d6700000)
 ParOldGen       total 90624K, used 90379K [0x0000000080000000, 0x0000000085880000, 0x00000000d5580000)
  object space 90624K, 99% used [0x0000000080000000,0x0000000085842fc8,0x0000000085880000)
 Metaspace       used 25154K, committed 26112K, reserved 1114112K
  class space    used 2576K, committed 2944K, reserved 1048576K
}
Event: 102.582 GC heap before
{Heap before GC invocations=83 (full 1):
 PSYoungGen      total 10240K, used 10080K [0x00000000d5580000, 0x00000000d6700000, 0x0000000100000000)
  eden space 9728K, 100% used [0x00000000d5580000,0x00000000d5f00000,0x00000000d5f00000)
  from space 512K, 68% used [0x00000000d6600000,0x00000000d6658010,0x00000000d6680000)
  to   space 512K, 0% used [0x00000000d6680000,0x00000000d6680000,0x00000000d6700000)
 ParOldGen       total 90624K, used 90379K [0x0000000080000000, 0x0000000085880000, 0x00000000d5580000)
  object space 90624K, 99% used [0x0000000080000000,0x0000000085842fc8,0x0000000085880000)
 Metaspace       used 25154K, committed 26112K, reserved 1114112K
  class space    used 2576K, committed 2944K, reserved 1048576K
}
Event: 102.583 GC heap after
{Heap after GC invocations=83 (full 1):
 PSYoungGen      total 10240K, used 224K [0x00000000d5580000, 0x00000000d6700000, 0x0000000100000000)
  eden space 9728K, 0% used [0x00000000d5580000,0x00000000d5580000,0x00000000d5f00000)
  from space 512K, 43% used [0x00000000d6680000,0x00000000d66b8000,0x00000000d6700000)
  to   space 512K, 0% used [0x00000000d6600000,0x00000000d6600000,0x00000000d6680000)
 ParOldGen       total 90624K, used 90531K [0x0000000080000000, 0x0000000085880000, 0x00000000d5580000)
  object space 90624K, 99% used [0x0000000080000000,0x0000000085868ff8,0x0000000085880000)
 Metaspace       used 25154K, committed 26112K, reserved 1114112K
  class space    used 2576K, committed 2944K, reserved 1048576K
}
Event: 102.644 GC heap before
{Heap before GC invocations=84 (full 1):
 PSYoungGen      total 10240K, used 9952K [0x00000000d5580000, 0x00000000d6700000, 0x0000000100000000)
  eden space 9728K, 100% used [0x00000000d5580000,0x00000000d5f00000,0x00000000d5f00000)
  from space 512K, 43% used [0x00000000d6680000,0x00000000d66b8000,0x00000000d6700000)
  to   space 512K, 0% used [0x00000000d6600000,0x00000000d6600000,0x00000000d6680000)
 ParOldGen       total 90624K, used 90531K [0x0000000080000000, 0x0000000085880000, 0x00000000d5580000)
  object space 90624K, 99% used [0x0000000080000000,0x0000000085868ff8,0x0000000085880000)
 Metaspace       used 25154K, committed 26112K, reserved 1114112K
  class space    used 2576K, committed 2944K, reserved 1048576K
}
Event: 102.644 GC heap after
{Heap after GC invocations=84 (full 1):
 PSYoungGen      total 10240K, used 128K [0x00000000d5580000, 0x00000000d6700000, 0x0000000100000000)
  eden space 9728K, 0% used [0x00000000d5580000,0x00000000d5580000,0x00000000d5f00000)
  from space 512K, 25% used [0x00000000d6600000,0x00000000d6620000,0x00000000d6680000)
  to   space 512K, 0% used [0x00000000d6680000,0x00000000d6680000,0x00000000d6700000)
 ParOldGen       total 90624K, used 90539K [0x0000000080000000, 0x0000000085880000, 0x00000000d5580000)
  object space 90624K, 99% used [0x0000000080000000,0x000000008586aff8,0x0000000085880000)
 Metaspace       used 25154K, committed 26112K, reserved 1114112K
  class space    used 2576K, committed 2944K, reserved 1048576K
}
Event: 102.696 GC heap before
{Heap before GC invocations=85 (full 1):
 PSYoungGen      total 10240K, used 9856K [0x00000000d5580000, 0x00000000d6700000, 0x0000000100000000)
  eden space 9728K, 100% used [0x00000000d5580000,0x00000000d5f00000,0x00000000d5f00000)
  from space 512K, 25% used [0x00000000d6600000,0x00000000d6620000,0x00000000d6680000)
  to   space 512K, 0% used [0x00000000d6680000,0x00000000d6680000,0x00000000d6700000)
 ParOldGen       total 90624K, used 90539K [0x0000000080000000, 0x0000000085880000, 0x00000000d5580000)
  object space 90624K, 99% used [0x0000000080000000,0x000000008586aff8,0x0000000085880000)
 Metaspace       used 25154K, committed 26112K, reserved 1114112K
  class space    used 2576K, committed 2944K, reserved 1048576K
}
Event: 102.696 GC heap after
{Heap after GC invocations=85 (full 1):
 PSYoungGen      total 10240K, used 192K [0x00000000d5580000, 0x00000000d6700000, 0x0000000100000000)
  eden space 9728K, 0% used [0x00000000d5580000,0x00000000d5580000,0x00000000d5f00000)
  from space 512K, 37% used [0x00000000d6680000,0x00000000d66b0000,0x00000000d6700000)
  to   space 512K, 0% used [0x00000000d6600000,0x00000000d6600000,0x00000000d6680000)
 ParOldGen       total 90624K, used 90547K [0x0000000080000000, 0x0000000085880000, 0x00000000d5580000)
  object space 90624K, 99% used [0x0000000080000000,0x000000008586cff8,0x0000000085880000)
 Metaspace       used 25154K, committed 26112K, reserved 1114112K
  class space    used 2576K, committed 2944K, reserved 1048576K
}

