# JRE version: OpenJDK Runtime Environment Temurin-21.0.10+7 (21.0.10+7) (build 21.0.10+7-LTS)
# Java VM: OpenJDK 64-Bit Server VM Temurin-21.0.10+7 (21.0.10+7-LTS, mixed mode, sharing, tiered, compressed oops, compressed class ptrs, parallel gc, windows-amd64)
GC Precious Log:
 CardTable entry size: 512
 CPUs: 12 total, 12 available
 Memory: 16024M
 Large Page Support: Disabled
 NUMA Support: Disabled
 Compressed Oops: Enabled (32-bit)
 Alignments: Space 512K, Generation 512K, Heap 2M
 Heap Min Capacity: 100M
 Heap Initial Capacity: 100M
 Heap Max Capacity: 2G
 Pre-touch: Disabled
 Parallel Workers: 10
Heap:
 PSYoungGen      total 17920K, used 9532K [0x00000000d5580000, 0x00000000d6980000, 0x0000000100000000)
  eden space 17408K, 53% used [0x00000000d5580000,0x00000000d5e87200,0x00000000d6680000)
  from space 512K, 56% used [0x00000000d6900000,0x00000000d6948000,0x00000000d6980000)
  to   space 512K, 0% used [0x00000000d6880000,0x00000000d6880000,0x00000000d6900000)
 ParOldGen       total 68608K, used 59455K [0x0000000080000000, 0x0000000084300000, 0x00000000d5580000)
  object space 68608K, 86% used [0x0000000080000000,0x0000000083a0fed8,0x0000000084300000)
 Metaspace       used 22589K, committed 23680K, reserved 1114112K
  class space    used 2290K, committed 2816K, reserved 1048576K
GC Heap History (20 events):
Event: 30.540 GC heap before
{Heap before GC invocations=38 (full 0):
 PSYoungGen      total 19456K, used 18944K [0x00000000d5580000, 0x00000000d6a80000, 0x0000000100000000)
  eden space 17408K, 100% used [0x00000000d5580000,0x00000000d6680000,0x00000000d6680000)
  from space 2048K, 75% used [0x00000000d6700000,0x00000000d6880020,0x00000000d6900000)
  to   space 1536K, 0% used [0x00000000d6900000,0x00000000d6900000,0x00000000d6a80000)
 ParOldGen       total 68608K, used 55864K [0x0000000080000000, 0x0000000084300000, 0x00000000d5580000)
  object space 68608K, 81% used [0x0000000080000000,0x000000008368e228,0x0000000084300000)
 Metaspace       used 19759K, committed 20736K, reserved 1114112K
  class space    used 2055K, committed 2496K, reserved 1048576K
}
Event: 30.543 GC heap after
{Heap after GC invocations=38 (full 0):
 PSYoungGen      total 18432K, used 544K [0x00000000d5580000, 0x00000000d6a00000, 0x0000000100000000)
  eden space 17408K, 0% used [0x00000000d5580000,0x00000000d5580000,0x00000000d6680000)
  from space 1024K, 53% used [0x00000000d6900000,0x00000000d6988000,0x00000000d6a00000)
  to   space 1024K, 0% used [0x00000000d6800000,0x00000000d6800000,0x00000000d6900000)
 ParOldGen       total 68608K, used 57269K [0x0000000080000000, 0x0000000084300000, 0x00000000d5580000)
  object space 68608K, 83% used [0x0000000080000000,0x00000000837ed6e8,0x0000000084300000)
 Metaspace       used 19759K, committed 20736K, reserved 1114112K
  class space    used 2055K, committed 2496K, reserved 1048576K
}
Event: 122.356 GC heap before
{Heap before GC invocations=39 (full 0):
 PSYoungGen      total 18432K, used 17952K [0x00000000d5580000, 0x00000000d6a00000, 0x0000000100000000)
  eden space 17408K, 100% used [0x00000000d5580000,0x00000000d6680000,0x00000000d6680000)
  from space 1024K, 53% used [0x00000000d6900000,0x00000000d6988000,0x00000000d6a00000)
  to   space 1024K, 0% used [0x00000000d6800000,0x00000000d6800000,0x00000000d6900000)
 ParOldGen       total 68608K, used 57269K [0x0000000080000000, 0x0000000084300000, 0x00000000d5580000)
  object space 68608K, 83% used [0x0000000080000000,0x00000000837ed6e8,0x0000000084300000)
 Metaspace       used 20358K, committed 21376K, reserved 1114112K
  class space    used 2092K, committed 2560K, reserved 1048576K
}
Event: 122.359 GC heap after
{Heap after GC invocations=39 (full 0):
 PSYoungGen      total 18432K, used 1008K [0x00000000d5580000, 0x00000000d6a80000, 0x0000000100000000)
  eden space 17408K, 0% used [0x00000000d5580000,0x00000000d5580000,0x00000000d6680000)
  from space 1024K, 98% used [0x00000000d6800000,0x00000000d68fc020,0x00000000d6900000)
  to   space 1536K, 0% used [0x00000000d6900000,0x00000000d6900000,0x00000000d6a80000)
 ParOldGen       total 68608K, used 57701K [0x0000000080000000, 0x0000000084300000, 0x00000000d5580000)
  object space 68608K, 84% used [0x0000000080000000,0x00000000838596e8,0x0000000084300000)
 Metaspace       used 20358K, committed 21376K, reserved 1114112K
  class space    used 2092K, committed 2560K, reserved 1048576K
}
Event: 173.495 GC heap before
{Heap before GC invocations=40 (full 0):
 PSYoungGen      total 18432K, used 18416K [0x00000000d5580000, 0x00000000d6a80000, 0x0000000100000000)
  eden space 17408K, 100% used [0x00000000d5580000,0x00000000d6680000,0x00000000d6680000)
  from space 1024K, 98% used [0x00000000d6800000,0x00000000d68fc020,0x00000000d6900000)
  to   space 1536K, 0% used [0x00000000d6900000,0x00000000d6900000,0x00000000d6a80000)
 ParOldGen       total 68608K, used 57701K [0x0000000080000000, 0x0000000084300000, 0x00000000d5580000)
  object space 68608K, 84% used [0x0000000080000000,0x00000000838596e8,0x0000000084300000)
 Metaspace       used 20411K, committed 21440K, reserved 1114112K
  class space    used 2092K, committed 2560K, reserved 1048576K
}
Event: 173.497 GC heap after
{Heap after GC invocations=40 (full 0):
 PSYoungGen      total 17920K, used 256K [0x00000000d5580000, 0x00000000d6980000, 0x0000000100000000)
  eden space 17408K, 0% used [0x00000000d5580000,0x00000000d5580000,0x00000000d6680000)
  from space 512K, 50% used [0x00000000d6900000,0x00000000d6940000,0x00000000d6980000)
  to   space 1024K, 0% used [0x00000000d6780000,0x00000000d6780000,0x00000000d6880000)
 ParOldGen       total 68608K, used 58690K [0x0000000080000000, 0x0000000084300000, 0x00000000d5580000)
  object space 68608K, 85% used [0x0000000080000000,0x0000000083950880,0x0000000084300000)
 Metaspace       used 20411K, committed 21440K, reserved 1114112K
  class space    used 2092K, committed 2560K, reserved 1048576K
}
Event: 183.279 GC heap before
{Heap before GC invocations=41 (full 0):
 PSYoungGen      total 17920K, used 7089K [0x00000000d5580000, 0x00000000d6980000, 0x0000000100000000)
  eden space 17408K, 39% used [0x00000000d5580000,0x00000000d5c2c580,0x00000000d6680000)
  from space 512K, 50% used [0x00000000d6900000,0x00000000d6940000,0x00000000d6980000)
  to   space 1024K, 0% used [0x00000000d6780000,0x00000000d6780000,0x00000000d6880000)
 ParOldGen       total 68608K, used 58690K [0x0000000080000000, 0x0000000084300000, 0x00000000d5580000)
  object space 68608K, 85% used [0x0000000080000000,0x0000000083950880,0x0000000084300000)
 Metaspace       used 20537K, committed 21504K, reserved 1114112K
  class space    used 2104K, committed 2560K, reserved 1048576K
}
Event: 183.280 GC heap after
{Heap after GC invocations=41 (full 0):
 PSYoungGen      total 18432K, used 368K [0x00000000d5580000, 0x00000000d6980000, 0x0000000100000000)
  eden space 17408K, 0% used [0x00000000d5580000,0x00000000d5580000,0x00000000d6680000)
  from space 1024K, 35% used [0x00000000d6780000,0x00000000d67dc010,0x00000000d6880000)
  to   space 512K, 0% used [0x00000000d6900000,0x00000000d6900000,0x00000000d6980000)
 ParOldGen       total 68608K, used 58738K [0x0000000080000000, 0x0000000084300000, 0x00000000d5580000)
  object space 68608K, 85% used [0x0000000080000000,0x000000008395c880,0x0000000084300000)
 Metaspace       used 20537K, committed 21504K, reserved 1114112K
  class space    used 2104K, committed 2560K, reserved 1048576K
}
Event: 183.280 GC heap before
{Heap before GC invocations=42 (full 1):
 PSYoungGen      total 18432K, used 368K [0x00000000d5580000, 0x00000000d6980000, 0x0000000100000000)
  eden space 17408K, 0% used [0x00000000d5580000,0x00000000d5580000,0x00000000d6680000)
  from space 1024K, 35% used [0x00000000d6780000,0x00000000d67dc010,0x00000000d6880000)
  to   space 512K, 0% used [0x00000000d6900000,0x00000000d6900000,0x00000000d6980000)
 ParOldGen       total 68608K, used 58738K [0x0000000080000000, 0x0000000084300000, 0x00000000d5580000)
  object space 68608K, 85% used [0x0000000080000000,0x000000008395c880,0x0000000084300000)
 Metaspace       used 20537K, committed 21504K, reserved 1114112K
  class space    used 2104K, committed 2560K, reserved 1048576K
}
Event: 183.353 GC heap after
{Heap after GC invocations=42 (full 1):
 PSYoungGen      total 18432K, used 0K [0x00000000d5580000, 0x00000000d6980000, 0x0000000100000000)
  eden space 17408K, 0% used [0x00000000d5580000,0x00000000d5580000,0x00000000d6680000)
  from space 1024K, 0% used [0x00000000d6780000,0x00000000d6780000,0x00000000d6880000)
  to   space 512K, 0% used [0x00000000d6900000,0x00000000d6900000,0x00000000d6980000)
 ParOldGen       total 68608K, used 54467K [0x0000000080000000, 0x0000000084300000, 0x00000000d5580000)
  object space 68608K, 79% used [0x0000000080000000,0x0000000083530c88,0x0000000084300000)
 Metaspace       used 20520K, committed 21504K, reserved 1114112K
  class space    used 2099K, committed 2560K, reserved 1048576K
}
Event: 183.486 GC heap before
{Heap before GC invocations=43 (full 1):
 PSYoungGen      total 18432K, used 17408K [0x00000000d5580000, 0x00000000d6980000, 0x0000000100000000)
  eden space 17408K, 100% used [0x00000000d5580000,0x00000000d6680000,0x00000000d6680000)
  from space 1024K, 0% used [0x00000000d6780000,0x00000000d6780000,0x00000000d6880000)
  to   space 512K, 0% used [0x00000000d6900000,0x00000000d6900000,0x00000000d6980000)
 ParOldGen       total 68608K, used 54467K [0x0000000080000000, 0x0000000084300000, 0x00000000d5580000)
  object space 68608K, 79% used [0x0000000080000000,0x0000000083530c88,0x0000000084300000)
 Metaspace       used 21127K, committed 22144K, reserved 1114112K
  class space    used 2154K, committed 2624K, reserved 1048576K
}
Event: 183.488 GC heap after
{Heap after GC invocations=43 (full 1):
 PSYoungGen      total 17920K, used 512K [0x00000000d5580000, 0x00000000d6b80000, 0x0000000100000000)
  eden space 17408K, 0% used [0x00000000d5580000,0x00000000d5580000,0x00000000d6680000)
  from space 512K, 100% used [0x00000000d6900000,0x00000000d6980000,0x00000000d6980000)
  to   space 2560K, 0% used [0x00000000d6680000,0x00000000d6680000,0x00000000d6900000)
 ParOldGen       total 68608K, used 56067K [0x0000000080000000, 0x0000000084300000, 0x00000000d5580000)
  object space 68608K, 81% used [0x0000000080000000,0x00000000836c0c88,0x0000000084300000)
 Metaspace       used 21127K, committed 22144K, reserved 1114112K
  class space    used 2154K, committed 2624K, reserved 1048576K
}
Event: 216.040 GC heap before
{Heap before GC invocations=44 (full 1):
 PSYoungGen      total 17920K, used 17920K [0x00000000d5580000, 0x00000000d6b80000, 0x0000000100000000)
  eden space 17408K, 100% used [0x00000000d5580000,0x00000000d6680000,0x00000000d6680000)
  from space 512K, 100% used [0x00000000d6900000,0x00000000d6980000,0x00000000d6980000)
  to   space 2560K, 0% used [0x00000000d6680000,0x00000000d6680000,0x00000000d6900000)
 ParOldGen       total 68608K, used 56067K [0x0000000080000000, 0x0000000084300000, 0x00000000d5580000)
  object space 68608K, 81% used [0x0000000080000000,0x00000000836c0c88,0x0000000084300000)
 Metaspace       used 21264K, committed 22272K, reserved 1114112K
  class space    used 2162K, committed 2624K, reserved 1048576K
}
Event: 216.043 GC heap after
{Heap after GC invocations=44 (full 1):
 PSYoungGen      total 19968K, used 2528K [0x00000000d5580000, 0x00000000d6c80000, 0x0000000100000000)
  eden space 17408K, 0% used [0x00000000d5580000,0x00000000d5580000,0x00000000d6680000)
  from space 2560K, 98% used [0x00000000d6680000,0x00000000d68f8010,0x00000000d6900000)
  to   space 3072K, 0% used [0x00000000d6980000,0x00000000d6980000,0x00000000d6c80000)
 ParOldGen       total 68608K, used 56598K [0x0000000080000000, 0x0000000084300000, 0x00000000d5580000)
  object space 68608K, 82% used [0x0000000080000000,0x00000000837458a8,0x0000000084300000)
 Metaspace       used 21264K, committed 22272K, reserved 1114112K
  class space    used 2162K, committed 2624K, reserved 1048576K
}
Event: 425.571 GC heap before
{Heap before GC invocations=45 (full 1):
 PSYoungGen      total 19968K, used 19936K [0x00000000d5580000, 0x00000000d6c80000, 0x0000000100000000)
  eden space 17408K, 100% used [0x00000000d5580000,0x00000000d6680000,0x00000000d6680000)
  from space 2560K, 98% used [0x00000000d6680000,0x00000000d68f8010,0x00000000d6900000)
  to   space 3072K, 0% used [0x00000000d6980000,0x00000000d6980000,0x00000000d6c80000)
 ParOldGen       total 68608K, used 56598K [0x0000000080000000, 0x0000000084300000, 0x00000000d5580000)
  object space 68608K, 82% used [0x0000000080000000,0x00000000837458a8,0x0000000084300000)
 Metaspace       used 22142K, committed 23232K, reserved 1114112K
  class space    used 2269K, committed 2752K, reserved 1048576K
}
Event: 425.574 GC heap after
{Heap after GC invocations=45 (full 1):
 PSYoungGen      total 18432K, used 537K [0x00000000d5580000, 0x00000000d6a80000, 0x0000000100000000)
  eden space 17408K, 0% used [0x00000000d5580000,0x00000000d5580000,0x00000000d6680000)
  from space 1024K, 52% used [0x00000000d6980000,0x00000000d6a06470,0x00000000d6a80000)
  to   space 1536K, 0% used [0x00000000d6780000,0x00000000d6780000,0x00000000d6900000)
 ParOldGen       total 68608K, used 58974K [0x0000000080000000, 0x0000000084300000, 0x00000000d5580000)
  object space 68608K, 85% used [0x0000000080000000,0x00000000839978b8,0x0000000084300000)
 Metaspace       used 22142K, committed 23232K, reserved 1114112K
  class space    used 2269K, committed 2752K, reserved 1048576K
}
Event: 840.138 GC heap before
{Heap before GC invocations=46 (full 1):
 PSYoungGen      total 18432K, used 17945K [0x00000000d5580000, 0x00000000d6a80000, 0x0000000100000000)
  eden space 17408K, 100% used [0x00000000d5580000,0x00000000d6680000,0x00000000d6680000)
  from space 1024K, 52% used [0x00000000d6980000,0x00000000d6a06470,0x00000000d6a80000)
  to   space 1536K, 0% used [0x00000000d6780000,0x00000000d6780000,0x00000000d6900000)
 ParOldGen       total 68608K, used 58974K [0x0000000080000000, 0x0000000084300000, 0x00000000d5580000)
  object space 68608K, 85% used [0x0000000080000000,0x00000000839978b8,0x0000000084300000)
 Metaspace       used 22331K, committed 23360K, reserved 1114112K
  class space    used 2282K, committed 2752K, reserved 1048576K
}
Event: 840.140 GC heap after
{Heap after GC invocations=46 (full 1):
 PSYoungGen      total 18944K, used 320K [0x00000000d5580000, 0x00000000d6a00000, 0x0000000100000000)
  eden space 17408K, 0% used [0x00000000d5580000,0x00000000d5580000,0x00000000d6680000)
  from space 1536K, 20% used [0x00000000d6780000,0x00000000d67d0000,0x00000000d6900000)
  to   space 1024K, 0% used [0x00000000d6900000,0x00000000d6900000,0x00000000d6a00000)
 ParOldGen       total 68608K, used 59351K [0x0000000080000000, 0x0000000084300000, 0x00000000d5580000)
  object space 68608K, 86% used [0x0000000080000000,0x00000000839f5ed8,0x0000000084300000)
 Metaspace       used 22331K, committed 23360K, reserved 1114112K
  class space    used 2282K, committed 2752K, reserved 1048576K
}
Event: 1096.377 GC heap before
{Heap before GC invocations=47 (full 1):
 PSYoungGen      total 18944K, used 17728K [0x00000000d5580000, 0x00000000d6a00000, 0x0000000100000000)
  eden space 17408K, 100% used [0x00000000d5580000,0x00000000d6680000,0x00000000d6680000)
  from space 1536K, 20% used [0x00000000d6780000,0x00000000d67d0000,0x00000000d6900000)
  to   space 1024K, 0% used [0x00000000d6900000,0x00000000d6900000,0x00000000d6a00000)
 ParOldGen       total 68608K, used 59351K [0x0000000080000000, 0x0000000084300000, 0x00000000d5580000)
  object space 68608K, 86% used [0x0000000080000000,0x00000000839f5ed8,0x0000000084300000)
 Metaspace       used 22557K, committed 23616K, reserved 1114112K
  class space    used 2289K, committed 2752K, reserved 1048576K
}
Event: 1096.382 GC heap after
{Heap after GC invocations=47 (full 1):
 PSYoungGen      total 17920K, used 288K [0x00000000d5580000, 0x00000000d6980000, 0x0000000100000000)
  eden space 17408K, 0% used [0x00000000d5580000,0x00000000d5580000,0x00000000d6680000)
  from space 512K, 56% used [0x00000000d6900000,0x00000000d6948000,0x00000000d6980000)
  to   space 512K, 0% used [0x00000000d6880000,0x00000000d6880000,0x00000000d6900000)
 ParOldGen       total 68608K, used 59455K [0x0000000080000000, 0x0000000084300000, 0x00000000d5580000)
  object space 68608K, 86% used [0x0000000080000000,0x0000000083a0fed8,0x0000000084300000)
 Metaspace       used 22557K, committed 23616K, reserved 1114112K
  class space    used 2289K, committed 2752K, reserved 1048576K
}

